{"meta": {"format": 3, "version": "7.13.3", "timestamp": "2026-02-08T15:59:25.391096", "branch_coverage": false, "show_contexts": false}, "files": {"src/openhqm/__init__.py": {"executed_lines": [7, 8, 9], "summary": {"covered_lines": 3, "num_statements": 3, "percent_covered": 100.0, "percent_covered_display": "100", "missing_lines": 0, "excluded_lines": 0, "percent_statements_covered": 100.0, "percent_statements_covered_display": "100"}, "missing_lines": [], "excluded_lines": [], "functions": {"": {"executed_lines": [7, 8, 9], "summary": {"covered_lines": 3, "num_statements": 3, "percent_covered": 100.0, "percent_covered_display": "100", "missing_lines": 0, "excluded_lines": 0, "percent_statements_covered": 100.0, "percent_statements_covered_display": "100"}, "missing_lines": [], "excluded_lines": [], "start_line": 1}}, "classes": {"": {"executed_lines": [7, 8, 9], "summary": {"covered_lines": 3, "num_statements": 3, "percent_covered": 100.0, "percent_covered_display": "100", "missing_lines": 0, "excluded_lines": 0, "percent_statements_covered": 100.0, "percent_statements_covered_display": "100"}, "missing_lines": [], "excluded_lines": [], "start_line": 1}}}, "src/openhqm/api/__init__.py": {"executed_lines": [3, 5], "summary": {"covered_lines": 2, "num_statements": 2, "percent_covered": 100.0, "percent_covered_display": "100", "missing_lines": 0, "excluded_lines": 0, "percent_statements_covered": 100.0, "percent_statements_covered_display": "100"}, "missing_lines": [], "excluded_lines": [], "functions": {"": {"executed_lines": [3, 5], "summary": {"covered_lines": 2, "num_statements": 2, "percent_covered": 100.0, "percent_covered_display": "100", "missing_lines": 0, "excluded_lines": 0, "percent_statements_covered": 100.0, "percent_statements_covered_display": "100"}, "missing_lines": [], "excluded_lines": [], "start_line": 1}}, "classes": {"": {"executed_lines": [3, 5], "summary": {"covered_lines": 2, "num_statements": 2, "percent_covered": 100.0, "percent_covered_display": "100", "missing_lines": 0, "excluded_lines": 0, "percent_statements_covered": 100.0, "percent_statements_covered_display": "100"}, "missing_lines": [], "excluded_lines": [], "start_line": 1}}}, "src/openhqm/api/app.py": {"executed_lines": [3, 4, 6, 7, 8, 9, 10, 12, 13, 14, 15, 16, 17, 18, 20, 23, 24, 47], "summary": {"covered_lines": 18, "num_statements": 71, "percent_covered": 25.35211267605634, "percent_covered_display": "25", "missing_lines": 53, "excluded_lines": 0, "percent_statements_covered": 25.35211267605634, "percent_statements_covered_display": "25"}, "missing_lines": [27, 28, 31, 32, 33, 34, 35, 36, 37, 39, 42, 43, 44, 54, 62, 65, 66, 73, 75, 76, 77, 78, 79, 81, 82, 83, 84, 85, 87, 91, 99, 101, 102, 109, 115, 116, 118, 124, 127, 128, 130, 131, 133, 136, 137, 143, 145, 146, 149, 150, 152, 153, 158], "excluded_lines": [], "functions": {"lifespan": {"executed_lines": [], "summary": {"covered_lines": 0, "num_statements": 13, "percent_covered": 0.0, "percent_covered_display": "0", "missing_lines": 13, "excluded_lines": 0, "percent_statements_covered": 0.0, "percent_statements_covered_display": "0"}, "missing_lines": [27, 28, 31, 32, 33, 34, 35, 36, 37, 39, 42, 43, 44], "excluded_lines": [], "start_line": 24}, "create_app": {"executed_lines": [], "summary": {"covered_lines": 0, "num_statements": 12, "percent_covered": 0.0, "percent_covered_display": "0", "missing_lines": 12, "excluded_lines": 0, "percent_statements_covered": 0.0, "percent_statements_covered_display": "0"}, "missing_lines": [54, 62, 65, 66, 99, 101, 102, 115, 116, 149, 150, 158], "excluded_lines": [], "start_line": 47}, "create_app.health_check": {"executed_lines": [], "summary": {"covered_lines": 0, "num_statements": 13, "percent_covered": 0.0, "percent_covered_display": "0", "missing_lines": 13, "excluded_lines": 0, "percent_statements_covered": 0.0, "percent_statements_covered_display": "0"}, "missing_lines": [73, 75, 76, 77, 78, 79, 81, 82, 83, 84, 85, 87, 91], "excluded_lines": [], "start_line": 66}, "create_app.metrics_endpoint": {"executed_lines": [], "summary": {"covered_lines": 0, "num_statements": 1, "percent_covered": 0.0, "percent_covered_display": "0", "missing_lines": 1, "excluded_lines": 0, "percent_statements_covered": 0.0, "percent_statements_covered_display": "0"}, "missing_lines": [109], "excluded_lines": [], "start_line": 102}, "create_app.log_requests": {"executed_lines": [], "summary": {"covered_lines": 0, "num_statements": 12, "percent_covered": 0.0, "percent_covered_display": "0", "missing_lines": 12, "excluded_lines": 0, "percent_statements_covered": 0.0, "percent_statements_covered_display": "0"}, "missing_lines": [118, 124, 127, 128, 130, 131, 133, 136, 137, 143, 145, 146], "excluded_lines": [], "start_line": 116}, "create_app.global_exception_handler": {"executed_lines": [], "summary": {"covered_lines": 0, "num_statements": 2, "percent_covered": 0.0, "percent_covered_display": "0", "missing_lines": 2, "excluded_lines": 0, "percent_statements_covered": 0.0, "percent_statements_covered_display": "0"}, "missing_lines": [152, 153], "excluded_lines": [], "start_line": 150}, "": {"executed_lines": [3, 4, 6, 7, 8, 9, 10, 12, 13, 14, 15, 16, 17, 18, 20, 23, 24, 47], "summary": {"covered_lines": 18, "num_statements": 18, "percent_covered": 100.0, "percent_covered_display": "100", "missing_lines": 0, "excluded_lines": 0, "percent_statements_covered": 100.0, "percent_statements_covered_display": "100"}, "missing_lines": [], "excluded_lines": [], "start_line": 1}}, "classes": {"": {"executed_lines": [3, 4, 6, 7, 8, 9, 10, 12, 13, 14, 15, 16, 17, 18, 20, 23, 24, 47], "summary": {"covered_lines": 18, "num_statements": 71, "percent_covered": 25.35211267605634, "percent_covered_display": "25", "missing_lines": 53, "excluded_lines": 0, "percent_statements_covered": 25.35211267605634, "percent_statements_covered_display": "25"}, "missing_lines": [27, 28, 31, 32, 33, 34, 35, 36, 37, 39, 42, 43, 44, 54, 62, 65, 66, 73, 75, 76, 77, 78, 79, 81, 82, 83, 84, 85, 87, 91, 99, 101, 102, 109, 115, 116, 118, 124, 127, 128, 130, 131, 133, 136, 137, 143, 145, 146, 149, 150, 152, 153, 158], "excluded_lines": [], "start_line": 1}}}, "src/openhqm/api/dependencies.py": {"executed_lines": [3, 4, 5, 6, 9, 10, 13, 26, 39], "summary": {"covered_lines": 9, "num_statements": 21, "percent_covered": 42.857142857142854, "percent_covered_display": "43", "missing_lines": 12, "excluded_lines": 0, "percent_statements_covered": 42.857142857142854, "percent_statements_covered_display": "43"}, "missing_lines": [21, 22, 23, 34, 35, 36, 43, 44, 45, 47, 48, 49], "excluded_lines": [], "functions": {"get_queue": {"executed_lines": [], "summary": {"covered_lines": 0, "num_statements": 3, "percent_covered": 0.0, "percent_covered_display": "0", "missing_lines": 3, "excluded_lines": 0, "percent_statements_covered": 0.0, "percent_statements_covered_display": "0"}, "missing_lines": [21, 22, 23], "excluded_lines": [], "start_line": 13}, "get_cache": {"executed_lines": [], "summary": {"covered_lines": 0, "num_statements": 3, "percent_covered": 0.0, "percent_covered_display": "0", "missing_lines": 3, "excluded_lines": 0, "percent_statements_covered": 0.0, "percent_statements_covered_display": "0"}, "missing_lines": [34, 35, 36], "excluded_lines": [], "start_line": 26}, "cleanup_resources": {"executed_lines": [], "summary": {"covered_lines": 0, "num_statements": 6, "percent_covered": 0.0, "percent_covered_display": "0", "missing_lines": 6, "excluded_lines": 0, "percent_statements_covered": 0.0, "percent_statements_covered_display": "0"}, "missing_lines": [43, 44, 45, 47, 48, 49], "excluded_lines": [], "start_line": 39}, "": {"executed_lines": [3, 4, 5, 6, 9, 10, 13, 26, 39], "summary": {"covered_lines": 9, "num_statements": 9, "percent_covered": 100.0, "percent_covered_display": "100", "missing_lines": 0, "excluded_lines": 0, "percent_statements_covered": 100.0, "percent_statements_covered_display": "100"}, "missing_lines": [], "excluded_lines": [], "start_line": 1}}, "classes": {"": {"executed_lines": [3, 4, 5, 6, 9, 10, 13, 26, 39], "summary": {"covered_lines": 9, "num_statements": 21, "percent_covered": 42.857142857142854, "percent_covered_display": "43", "missing_lines": 12, "excluded_lines": 0, "percent_statements_covered": 42.857142857142854, "percent_statements_covered_display": "43"}, "missing_lines": [21, 22, 23, 34, 35, 36, 43, 44, 45, 47, 48, 49], "excluded_lines": [], "start_line": 1}}}, "src/openhqm/api/listener.py": {"executed_lines": [], "summary": {"covered_lines": 0, "num_statements": 13, "percent_covered": 0.0, "percent_covered_display": "0", "missing_lines": 13, "excluded_lines": 2, "percent_statements_covered": 0.0, "percent_statements_covered_display": "0"}, "missing_lines": [3, 4, 6, 7, 8, 10, 13, 15, 16, 24, 26, 36, 37], "excluded_lines": [45, 46], "functions": {"main": {"executed_lines": [], "summary": {"covered_lines": 0, "num_statements": 6, "percent_covered": 0.0, "percent_covered_display": "0", "missing_lines": 6, "excluded_lines": 0, "percent_statements_covered": 0.0, "percent_statements_covered_display": "0"}, "missing_lines": [15, 16, 24, 26, 36, 37], "excluded_lines": [], "start_line": 13}, "": {"executed_lines": [], "summary": {"covered_lines": 0, "num_statements": 7, "percent_covered": 0.0, "percent_covered_display": "0", "missing_lines": 7, "excluded_lines": 2, "percent_statements_covered": 0.0, "percent_statements_covered_display": "0"}, "missing_lines": [3, 4, 6, 7, 8, 10, 13], "excluded_lines": [45, 46], "start_line": 1}}, "classes": {"": {"executed_lines": [], "summary": {"covered_lines": 0, "num_statements": 13, "percent_covered": 0.0, "percent_covered_display": "0", "missing_lines": 13, "excluded_lines": 2, "percent_statements_covered": 0.0, "percent_statements_covered_display": "0"}, "missing_lines": [3, 4, 6, 7, 8, 10, 13, 15, 16, 24, 26, 36, 37], "excluded_lines": [45, 46], "start_line": 1}}}, "src/openhqm/api/models.py": {"executed_lines": [3, 4, 5, 7, 10, 13, 14, 15, 16, 17, 20, 23, 24, 25, 26, 27, 30, 33, 34, 35, 37, 48, 51, 52, 53, 55, 66, 69, 70, 71, 72, 74, 86, 89, 90, 91, 92, 93, 94, 95, 96, 98, 112, 115, 116, 117, 118, 120], "summary": {"covered_lines": 48, "num_statements": 48, "percent_covered": 100.0, "percent_covered_display": "100", "missing_lines": 0, "excluded_lines": 0, "percent_statements_covered": 100.0, "percent_statements_covered_display": "100"}, "missing_lines": [], "excluded_lines": [], "functions": {"": {"executed_lines": [3, 4, 5, 7, 10, 13, 14, 15, 16, 17, 20, 23, 24, 25, 26, 27, 30, 33, 34, 35, 37, 48, 51, 52, 53, 55, 66, 69, 70, 71, 72, 74, 86, 89, 90, 91, 92, 93, 94, 95, 96, 98, 112, 115, 116, 117, 118, 120], "summary": {"covered_lines": 48, "num_statements": 48, "percent_covered": 100.0, "percent_covered_display": "100", "missing_lines": 0, "excluded_lines": 0, "percent_statements_covered": 100.0, "percent_statements_covered_display": "100"}, "missing_lines": [], "excluded_lines": [], "start_line": 1}}, "classes": {"RequestStatus": {"executed_lines": [], "summary": {"covered_lines": 0, "num_statements": 0, "percent_covered": 100.0, "percent_covered_display": "100", "missing_lines": 0, "excluded_lines": 0, "percent_statements_covered": 100.0, "percent_statements_covered_display": "100"}, "missing_lines": [], "excluded_lines": [], "start_line": 10}, "RequestMetadata": {"executed_lines": [], "summary": {"covered_lines": 0, "num_statements": 0, "percent_covered": 100.0, "percent_covered_display": "100", "missing_lines": 0, "excluded_lines": 0, "percent_statements_covered": 100.0, "percent_statements_covered_display": "100"}, "missing_lines": [], "excluded_lines": [], "start_line": 20}, "SubmitRequest": {"executed_lines": [], "summary": {"covered_lines": 0, "num_statements": 0, "percent_covered": 100.0, "percent_covered_display": "100", "missing_lines": 0, "excluded_lines": 0, "percent_statements_covered": 100.0, "percent_statements_covered_display": "100"}, "missing_lines": [], "excluded_lines": [], "start_line": 30}, "SubmitResponse": {"executed_lines": [], "summary": {"covered_lines": 0, "num_statements": 0, "percent_covered": 100.0, "percent_covered_display": "100", "missing_lines": 0, "excluded_lines": 0, "percent_statements_covered": 100.0, "percent_statements_covered_display": "100"}, "missing_lines": [], "excluded_lines": [], "start_line": 48}, "StatusResponse": {"executed_lines": [], "summary": {"covered_lines": 0, "num_statements": 0, "percent_covered": 100.0, "percent_covered_display": "100", "missing_lines": 0, "excluded_lines": 0, "percent_statements_covered": 100.0, "percent_statements_covered_display": "100"}, "missing_lines": [], "excluded_lines": [], "start_line": 66}, "ResultResponse": {"executed_lines": [], "summary": {"covered_lines": 0, "num_statements": 0, "percent_covered": 100.0, "percent_covered_display": "100", "missing_lines": 0, "excluded_lines": 0, "percent_statements_covered": 100.0, "percent_statements_covered_display": "100"}, "missing_lines": [], "excluded_lines": [], "start_line": 86}, "HealthResponse": {"executed_lines": [], "summary": {"covered_lines": 0, "num_statements": 0, "percent_covered": 100.0, "percent_covered_display": "100", "missing_lines": 0, "excluded_lines": 0, "percent_statements_covered": 100.0, "percent_statements_covered_display": "100"}, "missing_lines": [], "excluded_lines": [], "start_line": 112}, "": {"executed_lines": [3, 4, 5, 7, 10, 13, 14, 15, 16, 17, 20, 23, 24, 25, 26, 27, 30, 33, 34, 35, 37, 48, 51, 52, 53, 55, 66, 69, 70, 71, 72, 74, 86, 89, 90, 91, 92, 93, 94, 95, 96, 98, 112, 115, 116, 117, 118, 120], "summary": {"covered_lines": 48, "num_statements": 48, "percent_covered": 100.0, "percent_covered_display": "100", "missing_lines": 0, "excluded_lines": 0, "percent_statements_covered": 100.0, "percent_statements_covered_display": "100"}, "missing_lines": [], "excluded_lines": [], "start_line": 1}}}, "src/openhqm/api/routes.py": {"executed_lines": [3, 4, 6, 7, 9, 10, 17, 18, 19, 21, 23, 26, 33, 113, 119, 165, 171], "summary": {"covered_lines": 17, "num_statements": 66, "percent_covered": 25.757575757575758, "percent_covered_display": "26", "missing_lines": 49, "excluded_lines": 0, "percent_statements_covered": 25.757575757575758, "percent_statements_covered_display": "26"}, "missing_lines": [58, 59, 61, 62, 65, 73, 75, 86, 87, 88, 89, 94, 95, 97, 103, 104, 105, 106, 107, 136, 137, 139, 141, 142, 143, 148, 155, 156, 157, 158, 159, 188, 189, 191, 193, 194, 195, 200, 203, 205, 206, 215, 216, 226, 231, 232, 233, 234, 235], "excluded_lines": [], "functions": {"submit_request": {"executed_lines": [], "summary": {"covered_lines": 0, "num_statements": 19, "percent_covered": 0.0, "percent_covered_display": "0", "missing_lines": 19, "excluded_lines": 0, "percent_statements_covered": 0.0, "percent_statements_covered_display": "0"}, "missing_lines": [58, 59, 61, 62, 65, 73, 75, 86, 87, 88, 89, 94, 95, 97, 103, 104, 105, 106, 107], "excluded_lines": [], "start_line": 33}, "get_status": {"executed_lines": [], "summary": {"covered_lines": 0, "num_statements": 12, "percent_covered": 0.0, "percent_covered_display": "0", "missing_lines": 12, "excluded_lines": 0, "percent_statements_covered": 0.0, "percent_statements_covered_display": "0"}, "missing_lines": [136, 137, 139, 141, 142, 143, 148, 155, 156, 157, 158, 159], "excluded_lines": [], "start_line": 119}, "get_response": {"executed_lines": [], "summary": {"covered_lines": 0, "num_statements": 18, "percent_covered": 0.0, "percent_covered_display": "0", "missing_lines": 18, "excluded_lines": 0, "percent_statements_covered": 0.0, "percent_statements_covered_display": "0"}, "missing_lines": [188, 189, 191, 193, 194, 195, 200, 203, 205, 206, 215, 216, 226, 231, 232, 233, 234, 235], "excluded_lines": [], "start_line": 171}, "": {"executed_lines": [3, 4, 6, 7, 9, 10, 17, 18, 19, 21, 23, 26, 33, 113, 119, 165, 171], "summary": {"covered_lines": 17, "num_statements": 17, "percent_covered": 100.0, "percent_covered_display": "100", "missing_lines": 0, "excluded_lines": 0, "percent_statements_covered": 100.0, "percent_statements_covered_display": "100"}, "missing_lines": [], "excluded_lines": [], "start_line": 1}}, "classes": {"": {"executed_lines": [3, 4, 6, 7, 9, 10, 17, 18, 19, 21, 23, 26, 33, 113, 119, 165, 171], "summary": {"covered_lines": 17, "num_statements": 66, "percent_covered": 25.757575757575758, "percent_covered_display": "26", "missing_lines": 49, "excluded_lines": 0, "percent_statements_covered": 25.757575757575758, "percent_statements_covered_display": "26"}, "missing_lines": [58, 59, 61, 62, 65, 73, 75, 86, 87, 88, 89, 94, 95, 97, 103, 104, 105, 106, 107, 136, 137, 139, 141, 142, 143, 148, 155, 156, 157, 158, 159, 188, 189, 191, 193, 194, 195, 200, 203, 205, 206, 215, 216, 226, 231, 232, 233, 234, 235], "excluded_lines": [], "start_line": 1}}}, "src/openhqm/cache/__init__.py": {"executed_lines": [3, 4, 6], "summary": {"covered_lines": 3, "num_statements": 3, "percent_covered": 100.0, "percent_covered_display": "100", "missing_lines": 0, "excluded_lines": 0, "percent_statements_covered": 100.0, "percent_statements_covered_display": "100"}, "missing_lines": [], "excluded_lines": [], "functions": {"": {"executed_lines": [3, 4, 6], "summary": {"covered_lines": 3, "num_statements": 3, "percent_covered": 100.0, "percent_covered_display": "100", "missing_lines": 0, "excluded_lines": 0, "percent_statements_covered": 100.0, "percent_statements_covered_display": "100"}, "missing_lines": [], "excluded_lines": [], "start_line": 1}}, "classes": {"": {"executed_lines": [3, 4, 6], "summary": {"covered_lines": 3, "num_statements": 3, "percent_covered": 100.0, "percent_covered_display": "100", "missing_lines": 0, "excluded_lines": 0, "percent_statements_covered": 100.0, "percent_statements_covered_display": "100"}, "missing_lines": [], "excluded_lines": [], "start_line": 1}}}, "src/openhqm/cache/factory.py": {"executed_lines": [3, 4, 5, 8], "summary": {"covered_lines": 4, "num_statements": 10, "percent_covered": 40.0, "percent_covered_display": "40", "missing_lines": 6, "excluded_lines": 0, "percent_statements_covered": 40.0, "percent_statements_covered_display": "40"}, "missing_lines": [15, 17, 18, 23, 24, 26], "excluded_lines": [], "functions": {"create_cache": {"executed_lines": [], "summary": {"covered_lines": 0, "num_statements": 6, "percent_covered": 0.0, "percent_covered_display": "0", "missing_lines": 6, "excluded_lines": 0, "percent_statements_covered": 0.0, "percent_statements_covered_display": "0"}, "missing_lines": [15, 17, 18, 23, 24, 26], "excluded_lines": [], "start_line": 8}, "": {"executed_lines": [3, 4, 5, 8], "summary": {"covered_lines": 4, "num_statements": 4, "percent_covered": 100.0, "percent_covered_display": "100", "missing_lines": 0, "excluded_lines": 0, "percent_statements_covered": 100.0, "percent_statements_covered_display": "100"}, "missing_lines": [], "excluded_lines": [], "start_line": 1}}, "classes": {"": {"executed_lines": [3, 4, 5, 8], "summary": {"covered_lines": 4, "num_statements": 10, "percent_covered": 40.0, "percent_covered_display": "40", "missing_lines": 6, "excluded_lines": 0, "percent_statements_covered": 40.0, "percent_statements_covered_display": "40"}, "missing_lines": [15, 17, 18, 23, 24, 26], "excluded_lines": [], "start_line": 1}}}, "src/openhqm/cache/interface.py": {"executed_lines": [3, 4, 7], "summary": {"covered_lines": 3, "num_statements": 3, "percent_covered": 100.0, "percent_covered_display": "100", "missing_lines": 0, "excluded_lines": 59, "percent_statements_covered": 100.0, "percent_statements_covered_display": "100"}, "missing_lines": [], "excluded_lines": [10, 11, 12, 13, 14, 15, 16, 17, 18, 19, 20, 21, 23, 24, 25, 26, 27, 28, 29, 30, 31, 32, 33, 34, 35, 36, 37, 38, 39, 40, 41, 43, 44, 45, 46, 47, 48, 49, 50, 51, 52, 53, 54, 56, 57, 58, 59, 60, 61, 62, 63, 64, 65, 66, 67, 69, 70, 71, 72], "functions": {"CacheInterface.get": {"executed_lines": [], "summary": {"covered_lines": 0, "num_statements": 0, "percent_covered": 100.0, "percent_covered_display": "100", "missing_lines": 0, "excluded_lines": 10, "percent_statements_covered": 100.0, "percent_statements_covered_display": "100"}, "missing_lines": [], "excluded_lines": [12, 13, 14, 15, 16, 17, 18, 19, 20, 21], "start_line": 11}, "CacheInterface.set": {"executed_lines": [], "summary": {"covered_lines": 0, "num_statements": 0, "percent_covered": 100.0, "percent_covered_display": "100", "missing_lines": 0, "excluded_lines": 12, "percent_statements_covered": 100.0, "percent_statements_covered_display": "100"}, "missing_lines": [], "excluded_lines": [30, 31, 32, 33, 34, 35, 36, 37, 38, 39, 40, 41], "start_line": 24}, "CacheInterface.delete": {"executed_lines": [], "summary": {"covered_lines": 0, "num_statements": 0, "percent_covered": 100.0, "percent_covered_display": "100", "missing_lines": 0, "excluded_lines": 10, "percent_statements_covered": 100.0, "percent_statements_covered_display": "100"}, "missing_lines": [], "excluded_lines": [45, 46, 47, 48, 49, 50, 51, 52, 53, 54], "start_line": 44}, "CacheInterface.exists": {"executed_lines": [], "summary": {"covered_lines": 0, "num_statements": 0, "percent_covered": 100.0, "percent_covered_display": "100", "missing_lines": 0, "excluded_lines": 10, "percent_statements_covered": 100.0, "percent_statements_covered_display": "100"}, "missing_lines": [], "excluded_lines": [58, 59, 60, 61, 62, 63, 64, 65, 66, 67], "start_line": 57}, "CacheInterface.close": {"executed_lines": [], "summary": {"covered_lines": 0, "num_statements": 0, "percent_covered": 100.0, "percent_covered_display": "100", "missing_lines": 0, "excluded_lines": 2, "percent_statements_covered": 100.0, "percent_statements_covered_display": "100"}, "missing_lines": [], "excluded_lines": [71, 72], "start_line": 70}, "": {"executed_lines": [3, 4, 7], "summary": {"covered_lines": 3, "num_statements": 3, "percent_covered": 100.0, "percent_covered_display": "100", "missing_lines": 0, "excluded_lines": 15, "percent_statements_covered": 100.0, "percent_statements_covered_display": "100"}, "missing_lines": [], "excluded_lines": [10, 11, 23, 24, 25, 26, 27, 28, 29, 43, 44, 56, 57, 69, 70], "start_line": 1}}, "classes": {"CacheInterface": {"executed_lines": [], "summary": {"covered_lines": 0, "num_statements": 0, "percent_covered": 100.0, "percent_covered_display": "100", "missing_lines": 0, "excluded_lines": 44, "percent_statements_covered": 100.0, "percent_statements_covered_display": "100"}, "missing_lines": [], "excluded_lines": [12, 13, 14, 15, 16, 17, 18, 19, 20, 21, 30, 31, 32, 33, 34, 35, 36, 37, 38, 39, 40, 41, 45, 46, 47, 48, 49, 50, 51, 52, 53, 54, 58, 59, 60, 61, 62, 63, 64, 65, 66, 67, 71, 72], "start_line": 7}, "": {"executed_lines": [3, 4, 7], "summary": {"covered_lines": 3, "num_statements": 3, "percent_covered": 100.0, "percent_covered_display": "100", "missing_lines": 0, "excluded_lines": 15, "percent_statements_covered": 100.0, "percent_statements_covered_display": "100"}, "missing_lines": [], "excluded_lines": [10, 11, 23, 24, 25, 26, 27, 28, 29, 43, 44, 56, 57, 69, 70], "start_line": 1}}}, "src/openhqm/cache/redis_cache.py": {"executed_lines": [3, 4, 6, 7, 9, 11, 14, 17, 26, 27, 28, 29, 31, 33, 38, 41, 63, 93, 113, 132], "summary": {"covered_lines": 20, "num_statements": 59, "percent_covered": 33.898305084745765, "percent_covered_display": "34", "missing_lines": 39, "excluded_lines": 0, "percent_statements_covered": 33.898305084745765, "percent_statements_covered_display": "34"}, "missing_lines": [39, 51, 52, 54, 55, 56, 57, 58, 59, 60, 61, 80, 81, 83, 84, 85, 87, 88, 89, 90, 91, 103, 104, 106, 107, 108, 109, 110, 111, 123, 124, 126, 127, 128, 129, 130, 134, 135, 136], "excluded_lines": [], "functions": {"RedisCache.__init__": {"executed_lines": [26, 27, 28, 29], "summary": {"covered_lines": 4, "num_statements": 4, "percent_covered": 100.0, "percent_covered_display": "100", "missing_lines": 0, "excluded_lines": 0, "percent_statements_covered": 100.0, "percent_statements_covered_display": "100"}, "missing_lines": [], "excluded_lines": [], "start_line": 17}, "RedisCache.connect": {"executed_lines": [33, 38], "summary": {"covered_lines": 2, "num_statements": 3, "percent_covered": 66.66666666666667, "percent_covered_display": "67", "missing_lines": 1, "excluded_lines": 0, "percent_statements_covered": 66.66666666666667, "percent_statements_covered_display": "67"}, "missing_lines": [39], "excluded_lines": [], "start_line": 31}, "RedisCache.get": {"executed_lines": [], "summary": {"covered_lines": 0, "num_statements": 10, "percent_covered": 0.0, "percent_covered_display": "0", "missing_lines": 10, "excluded_lines": 0, "percent_statements_covered": 0.0, "percent_statements_covered_display": "0"}, "missing_lines": [51, 52, 54, 55, 56, 57, 58, 59, 60, 61], "excluded_lines": [], "start_line": 41}, "RedisCache.set": {"executed_lines": [], "summary": {"covered_lines": 0, "num_statements": 10, "percent_covered": 0.0, "percent_covered_display": "0", "missing_lines": 10, "excluded_lines": 0, "percent_statements_covered": 0.0, "percent_statements_covered_display": "0"}, "missing_lines": [80, 81, 83, 84, 85, 87, 88, 89, 90, 91], "excluded_lines": [], "start_line": 63}, "RedisCache.delete": {"executed_lines": [], "summary": {"covered_lines": 0, "num_statements": 8, "percent_covered": 0.0, "percent_covered_display": "0", "missing_lines": 8, "excluded_lines": 0, "percent_statements_covered": 0.0, "percent_statements_covered_display": "0"}, "missing_lines": [103, 104, 106, 107, 108, 109, 110, 111], "excluded_lines": [], "start_line": 93}, "RedisCache.exists": {"executed_lines": [], "summary": {"covered_lines": 0, "num_statements": 7, "percent_covered": 0.0, "percent_covered_display": "0", "missing_lines": 7, "excluded_lines": 0, "percent_statements_covered": 0.0, "percent_statements_covered_display": "0"}, "missing_lines": [123, 124, 126, 127, 128, 129, 130], "excluded_lines": [], "start_line": 113}, "RedisCache.close": {"executed_lines": [], "summary": {"covered_lines": 0, "num_statements": 3, "percent_covered": 0.0, "percent_covered_display": "0", "missing_lines": 3, "excluded_lines": 0, "percent_statements_covered": 0.0, "percent_statements_covered_display": "0"}, "missing_lines": [134, 135, 136], "excluded_lines": [], "start_line": 132}, "": {"executed_lines": [3, 4, 6, 7, 9, 11, 14, 17, 31, 41, 63, 93, 113, 132], "summary": {"covered_lines": 14, "num_statements": 14, "percent_covered": 100.0, "percent_covered_display": "100", "missing_lines": 0, "excluded_lines": 0, "percent_statements_covered": 100.0, "percent_statements_covered_display": "100"}, "missing_lines": [], "excluded_lines": [], "start_line": 1}}, "classes": {"RedisCache": {"executed_lines": [26, 27, 28, 29, 33, 38], "summary": {"covered_lines": 6, "num_statements": 45, "percent_covered": 13.333333333333334, "percent_covered_display": "13", "missing_lines": 39, "excluded_lines": 0, "percent_statements_covered": 13.333333333333334, "percent_statements_covered_display": "13"}, "missing_lines": [39, 51, 52, 54, 55, 56, 57, 58, 59, 60, 61, 80, 81, 83, 84, 85, 87, 88, 89, 90, 91, 103, 104, 106, 107, 108, 109, 110, 111, 123, 124, 126, 127, 128, 129, 130, 134, 135, 136], "excluded_lines": [], "start_line": 14}, "": {"executed_lines": [3, 4, 6, 7, 9, 11, 14, 17, 31, 41, 63, 93, 113, 132], "summary": {"covered_lines": 14, "num_statements": 14, "percent_covered": 100.0, "percent_covered_display": "100", "missing_lines": 0, "excluded_lines": 0, "percent_statements_covered": 100.0, "percent_statements_covered_display": "100"}, "missing_lines": [], "excluded_lines": [], "start_line": 1}}}, "src/openhqm/config/__init__.py": {"executed_lines": [3, 5], "summary": {"covered_lines": 2, "num_statements": 2, "percent_covered": 100.0, "percent_covered_display": "100", "missing_lines": 0, "excluded_lines": 0, "percent_statements_covered": 100.0, "percent_statements_covered_display": "100"}, "missing_lines": [], "excluded_lines": [], "functions": {"": {"executed_lines": [3, 5], "summary": {"covered_lines": 2, "num_statements": 2, "percent_covered": 100.0, "percent_covered_display": "100", "missing_lines": 0, "excluded_lines": 0, "percent_statements_covered": 100.0, "percent_statements_covered_display": "100"}, "missing_lines": [], "excluded_lines": [], "start_line": 1}}, "classes": {"": {"executed_lines": [3, 5], "summary": {"covered_lines": 2, "num_statements": 2, "percent_covered": 100.0, "percent_covered_display": "100", "missing_lines": 0, "excluded_lines": 0, "percent_statements_covered": 100.0, "percent_statements_covered_display": "100"}, "missing_lines": [], "excluded_lines": [], "start_line": 1}}}, "src/openhqm/config/settings.py": {"executed_lines": [3, 5, 6, 8, 9, 12, 15, 16, 17, 18, 21, 24, 29, 32, 35, 38, 43, 44, 47, 50, 51, 54, 59, 60, 61, 64, 65, 66, 67, 68, 69, 72, 75, 76, 81, 84, 87, 90, 93, 94, 95, 96, 97, 98, 101, 104, 105, 106, 107, 108, 111, 112, 113, 114, 119, 122, 123, 126, 129, 133, 137, 142, 145, 146, 147, 148, 151, 154, 155, 156, 159, 162, 163, 166, 171, 174, 182, 183, 184, 185, 186, 187, 188, 189, 193], "summary": {"covered_lines": 85, "num_statements": 85, "percent_covered": 100.0, "percent_covered_display": "100", "missing_lines": 0, "excluded_lines": 0, "percent_statements_covered": 100.0, "percent_statements_covered_display": "100"}, "missing_lines": [], "excluded_lines": [], "functions": {"": {"executed_lines": [3, 5, 6, 8, 9, 12, 15, 16, 17, 18, 21, 24, 29, 32, 35, 38, 43, 44, 47, 50, 51, 54, 59, 60, 61, 64, 65, 66, 67, 68, 69, 72, 75, 76, 81, 84, 87, 90, 93, 94, 95, 96, 97, 98, 101, 104, 105, 106, 107, 108, 111, 112, 113, 114, 119, 122, 123, 126, 129, 133, 137, 142, 145, 146, 147, 148, 151, 154, 155, 156, 159, 162, 163, 166, 171, 174, 182, 183, 184, 185, 186, 187, 188, 189, 193], "summary": {"covered_lines": 85, "num_statements": 85, "percent_covered": 100.0, "percent_covered_display": "100", "missing_lines": 0, "excluded_lines": 0, "percent_statements_covered": 100.0, "percent_statements_covered_display": "100"}, "missing_lines": [], "excluded_lines": [], "start_line": 1}}, "classes": {"ServerSettings": {"executed_lines": [], "summary": {"covered_lines": 0, "num_statements": 0, "percent_covered": 100.0, "percent_covered_display": "100", "missing_lines": 0, "excluded_lines": 0, "percent_statements_covered": 100.0, "percent_statements_covered_display": "100"}, "missing_lines": [], "excluded_lines": [], "start_line": 12}, "QueueSettings": {"executed_lines": [], "summary": {"covered_lines": 0, "num_statements": 0, "percent_covered": 100.0, "percent_covered_display": "100", "missing_lines": 0, "excluded_lines": 0, "percent_statements_covered": 100.0, "percent_statements_covered_display": "100"}, "missing_lines": [], "excluded_lines": [], "start_line": 21}, "WorkerSettings": {"executed_lines": [], "summary": {"covered_lines": 0, "num_statements": 0, "percent_covered": 100.0, "percent_covered_display": "100", "missing_lines": 0, "excluded_lines": 0, "percent_statements_covered": 100.0, "percent_statements_covered_display": "100"}, "missing_lines": [], "excluded_lines": [], "start_line": 90}, "EndpointConfig": {"executed_lines": [], "summary": {"covered_lines": 0, "num_statements": 0, "percent_covered": 100.0, "percent_covered_display": "100", "missing_lines": 0, "excluded_lines": 0, "percent_statements_covered": 100.0, "percent_statements_covered_display": "100"}, "missing_lines": [], "excluded_lines": [], "start_line": 101}, "ProxySettings": {"executed_lines": [], "summary": {"covered_lines": 0, "num_statements": 0, "percent_covered": 100.0, "percent_covered_display": "100", "missing_lines": 0, "excluded_lines": 0, "percent_statements_covered": 100.0, "percent_statements_covered_display": "100"}, "missing_lines": [], "excluded_lines": [], "start_line": 119}, "CacheSettings": {"executed_lines": [], "summary": {"covered_lines": 0, "num_statements": 0, "percent_covered": 100.0, "percent_covered_display": "100", "missing_lines": 0, "excluded_lines": 0, "percent_statements_covered": 100.0, "percent_statements_covered_display": "100"}, "missing_lines": [], "excluded_lines": [], "start_line": 142}, "MonitoringSettings": {"executed_lines": [], "summary": {"covered_lines": 0, "num_statements": 0, "percent_covered": 100.0, "percent_covered_display": "100", "missing_lines": 0, "excluded_lines": 0, "percent_statements_covered": 100.0, "percent_statements_covered_display": "100"}, "missing_lines": [], "excluded_lines": [], "start_line": 151}, "RoutingSettings": {"executed_lines": [], "summary": {"covered_lines": 0, "num_statements": 0, "percent_covered": 100.0, "percent_covered_display": "100", "missing_lines": 0, "excluded_lines": 0, "percent_statements_covered": 100.0, "percent_statements_covered_display": "100"}, "missing_lines": [], "excluded_lines": [], "start_line": 159}, "Settings": {"executed_lines": [], "summary": {"covered_lines": 0, "num_statements": 0, "percent_covered": 100.0, "percent_covered_display": "100", "missing_lines": 0, "excluded_lines": 0, "percent_statements_covered": 100.0, "percent_statements_covered_display": "100"}, "missing_lines": [], "excluded_lines": [], "start_line": 171}, "": {"executed_lines": [3, 5, 6, 8, 9, 12, 15, 16, 17, 18, 21, 24, 29, 32, 35, 38, 43, 44, 47, 50, 51, 54, 59, 60, 61, 64, 65, 66, 67, 68, 69, 72, 75, 76, 81, 84, 87, 90, 93, 94, 95, 96, 97, 98, 101, 104, 105, 106, 107, 108, 111, 112, 113, 114, 119, 122, 123, 126, 129, 133, 137, 142, 145, 146, 147, 148, 151, 154, 155, 156, 159, 162, 163, 166, 171, 174, 182, 183, 184, 185, 186, 187, 188, 189, 193], "summary": {"covered_lines": 85, "num_statements": 85, "percent_covered": 100.0, "percent_covered_display": "100", "missing_lines": 0, "excluded_lines": 0, "percent_statements_covered": 100.0, "percent_statements_covered_display": "100"}, "missing_lines": [], "excluded_lines": [], "start_line": 1}}}, "src/openhqm/exceptions.py": {"executed_lines": [4, 7, 10, 13, 16, 19, 22, 25, 28, 31, 34, 37, 40, 43, 46, 49, 52, 55], "summary": {"covered_lines": 18, "num_statements": 18, "percent_covered": 100.0, "percent_covered_display": "100", "missing_lines": 0, "excluded_lines": 0, "percent_statements_covered": 100.0, "percent_statements_covered_display": "100"}, "missing_lines": [], "excluded_lines": [], "functions": {"": {"executed_lines": [4, 7, 10, 13, 16, 19, 22, 25, 28, 31, 34, 37, 40, 43, 46, 49, 52, 55], "summary": {"covered_lines": 18, "num_statements": 18, "percent_covered": 100.0, "percent_covered_display": "100", "missing_lines": 0, "excluded_lines": 0, "percent_statements_covered": 100.0, "percent_statements_covered_display": "100"}, "missing_lines": [], "excluded_lines": [], "start_line": 1}}, "classes": {"OpenHQMError": {"executed_lines": [], "summary": {"covered_lines": 0, "num_statements": 0, "percent_covered": 100.0, "percent_covered_display": "100", "missing_lines": 0, "excluded_lines": 0, "percent_statements_covered": 100.0, "percent_statements_covered_display": "100"}, "missing_lines": [], "excluded_lines": [], "start_line": 4}, "QueueError": {"executed_lines": [], "summary": {"covered_lines": 0, "num_statements": 0, "percent_covered": 100.0, "percent_covered_display": "100", "missing_lines": 0, "excluded_lines": 0, "percent_statements_covered": 100.0, "percent_statements_covered_display": "100"}, "missing_lines": [], "excluded_lines": [], "start_line": 10}, "ValidationError": {"executed_lines": [], "summary": {"covered_lines": 0, "num_statements": 0, "percent_covered": 100.0, "percent_covered_display": "100", "missing_lines": 0, "excluded_lines": 0, "percent_statements_covered": 100.0, "percent_statements_covered_display": "100"}, "missing_lines": [], "excluded_lines": [], "start_line": 16}, "ProcessingError": {"executed_lines": [], "summary": {"covered_lines": 0, "num_statements": 0, "percent_covered": 100.0, "percent_covered_display": "100", "missing_lines": 0, "excluded_lines": 0, "percent_statements_covered": 100.0, "percent_statements_covered_display": "100"}, "missing_lines": [], "excluded_lines": [], "start_line": 22}, "ConfigurationError": {"executed_lines": [], "summary": {"covered_lines": 0, "num_statements": 0, "percent_covered": 100.0, "percent_covered_display": "100", "missing_lines": 0, "excluded_lines": 0, "percent_statements_covered": 100.0, "percent_statements_covered_display": "100"}, "missing_lines": [], "excluded_lines": [], "start_line": 28}, "RetryableError": {"executed_lines": [], "summary": {"covered_lines": 0, "num_statements": 0, "percent_covered": 100.0, "percent_covered_display": "100", "missing_lines": 0, "excluded_lines": 0, "percent_statements_covered": 100.0, "percent_statements_covered_display": "100"}, "missing_lines": [], "excluded_lines": [], "start_line": 34}, "FatalError": {"executed_lines": [], "summary": {"covered_lines": 0, "num_statements": 0, "percent_covered": 100.0, "percent_covered_display": "100", "missing_lines": 0, "excluded_lines": 0, "percent_statements_covered": 100.0, "percent_statements_covered_display": "100"}, "missing_lines": [], "excluded_lines": [], "start_line": 40}, "TimeoutError": {"executed_lines": [], "summary": {"covered_lines": 0, "num_statements": 0, "percent_covered": 100.0, "percent_covered_display": "100", "missing_lines": 0, "excluded_lines": 0, "percent_statements_covered": 100.0, "percent_statements_covered_display": "100"}, "missing_lines": [], "excluded_lines": [], "start_line": 46}, "CircuitBreakerOpenError": {"executed_lines": [], "summary": {"covered_lines": 0, "num_statements": 0, "percent_covered": 100.0, "percent_covered_display": "100", "missing_lines": 0, "excluded_lines": 0, "percent_statements_covered": 100.0, "percent_statements_covered_display": "100"}, "missing_lines": [], "excluded_lines": [], "start_line": 52}, "": {"executed_lines": [4, 7, 10, 13, 16, 19, 22, 25, 28, 31, 34, 37, 40, 43, 46, 49, 52, 55], "summary": {"covered_lines": 18, "num_statements": 18, "percent_covered": 100.0, "percent_covered_display": "100", "missing_lines": 0, "excluded_lines": 0, "percent_statements_covered": 100.0, "percent_statements_covered_display": "100"}, "missing_lines": [], "excluded_lines": [], "start_line": 1}}}, "src/openhqm/partitioning/__init__.py": {"executed_lines": [3, 4, 6], "summary": {"covered_lines": 3, "num_statements": 3, "percent_covered": 100.0, "percent_covered_display": "100", "missing_lines": 0, "excluded_lines": 0, "percent_statements_covered": 100.0, "percent_statements_covered_display": "100"}, "missing_lines": [], "excluded_lines": [], "functions": {"": {"executed_lines": [3, 4, 6], "summary": {"covered_lines": 3, "num_statements": 3, "percent_covered": 100.0, "percent_covered_display": "100", "missing_lines": 0, "excluded_lines": 0, "percent_statements_covered": 100.0, "percent_statements_covered_display": "100"}, "missing_lines": [], "excluded_lines": [], "start_line": 1}}, "classes": {"": {"executed_lines": [3, 4, 6], "summary": {"covered_lines": 3, "num_statements": 3, "percent_covered": 100.0, "percent_covered_display": "100", "missing_lines": 0, "excluded_lines": 0, "percent_statements_covered": 100.0, "percent_statements_covered_display": "100"}, "missing_lines": [], "excluded_lines": [], "start_line": 1}}}, "src/openhqm/partitioning/manager.py": {"executed_lines": [3, 4, 5, 7, 9, 10, 12, 15, 22, 29, 30, 31, 32, 33, 35, 42, 51, 53, 62, 66, 68, 69, 79, 86, 89, 90, 91, 92, 93, 95, 103, 112, 114, 123, 125, 134, 135, 138, 139, 141, 143, 150, 152, 161, 162, 164, 165, 168, 170, 176, 177, 180, 181, 184, 186, 193, 201, 208, 226, 232, 239, 250], "summary": {"covered_lines": 62, "num_statements": 86, "percent_covered": 72.09302325581395, "percent_covered_display": "72", "missing_lines": 24, "excluded_lines": 0, "percent_statements_covered": 72.09302325581395, "percent_statements_covered_display": "72"}, "missing_lines": [63, 64, 71, 73, 77, 144, 148, 166, 178, 182, 188, 189, 190, 210, 211, 213, 214, 216, 217, 218, 220, 221, 223, 224], "excluded_lines": [], "functions": {"PartitionManager.__init__": {"executed_lines": [29, 30, 31, 32, 33, 35], "summary": {"covered_lines": 6, "num_statements": 6, "percent_covered": 100.0, "percent_covered_display": "100", "missing_lines": 0, "excluded_lines": 0, "percent_statements_covered": 100.0, "percent_statements_covered_display": "100"}, "missing_lines": [], "excluded_lines": [], "start_line": 22}, "PartitionManager._hash_key": {"executed_lines": [51], "summary": {"covered_lines": 1, "num_statements": 1, "percent_covered": 100.0, "percent_covered_display": "100", "missing_lines": 0, "excluded_lines": 0, "percent_statements_covered": 100.0, "percent_statements_covered_display": "100"}, "missing_lines": [], "excluded_lines": [], "start_line": 42}, "PartitionManager._assign_partition": {"executed_lines": [62, 66, 68, 69], "summary": {"covered_lines": 4, "num_statements": 9, "percent_covered": 44.44444444444444, "percent_covered_display": "44", "missing_lines": 5, "excluded_lines": 0, "percent_statements_covered": 44.44444444444444, "percent_statements_covered_display": "44"}, "missing_lines": [63, 64, 71, 73, 77], "excluded_lines": [], "start_line": 53}, "PartitionManager.assign_worker_partitions": {"executed_lines": [86, 89, 90, 91, 92, 93, 95], "summary": {"covered_lines": 7, "num_statements": 7, "percent_covered": 100.0, "percent_covered_display": "100", "missing_lines": 0, "excluded_lines": 0, "percent_statements_covered": 100.0, "percent_statements_covered_display": "100"}, "missing_lines": [], "excluded_lines": [], "start_line": 79}, "PartitionManager.get_partition_key": {"executed_lines": [112], "summary": {"covered_lines": 1, "num_statements": 1, "percent_covered": 100.0, "percent_covered_display": "100", "missing_lines": 0, "excluded_lines": 0, "percent_statements_covered": 100.0, "percent_statements_covered_display": "100"}, "missing_lines": [], "excluded_lines": [], "start_line": 103}, "PartitionManager.get_session_id": {"executed_lines": [123], "summary": {"covered_lines": 1, "num_statements": 1, "percent_covered": 100.0, "percent_covered_display": "100", "missing_lines": 0, "excluded_lines": 0, "percent_statements_covered": 100.0, "percent_statements_covered_display": "100"}, "missing_lines": [], "excluded_lines": [], "start_line": 114}, "PartitionManager.get_partition_for_message": {"executed_lines": [134, 135, 138, 139, 141, 143, 150], "summary": {"covered_lines": 7, "num_statements": 9, "percent_covered": 77.77777777777777, "percent_covered_display": "78", "missing_lines": 2, "excluded_lines": 0, "percent_statements_covered": 77.77777777777777, "percent_statements_covered_display": "78"}, "missing_lines": [144, 148], "excluded_lines": [], "start_line": 125}, "PartitionManager.should_process_message": {"executed_lines": [161, 162, 164, 165, 168], "summary": {"covered_lines": 5, "num_statements": 6, "percent_covered": 83.33333333333333, "percent_covered_display": "83", "missing_lines": 1, "excluded_lines": 0, "percent_statements_covered": 83.33333333333333, "percent_statements_covered_display": "83"}, "missing_lines": [166], "excluded_lines": [], "start_line": 152}, "PartitionManager.track_session": {"executed_lines": [176, 177, 180, 181, 184, 186, 193, 201], "summary": {"covered_lines": 8, "num_statements": 13, "percent_covered": 61.53846153846154, "percent_covered_display": "62", "missing_lines": 5, "excluded_lines": 0, "percent_statements_covered": 61.53846153846154, "percent_statements_covered_display": "62"}, "missing_lines": [178, 182, 188, 189, 190], "excluded_lines": [], "start_line": 170}, "PartitionManager.cleanup_expired_sessions": {"executed_lines": [], "summary": {"covered_lines": 0, "num_statements": 11, "percent_covered": 0.0, "percent_covered_display": "0", "missing_lines": 11, "excluded_lines": 0, "percent_statements_covered": 0.0, "percent_statements_covered_display": "0"}, "missing_lines": [210, 211, 213, 214, 216, 217, 218, 220, 221, 223, 224], "excluded_lines": [], "start_line": 208}, "PartitionManager.get_session_stats": {"executed_lines": [232], "summary": {"covered_lines": 1, "num_statements": 1, "percent_covered": 100.0, "percent_covered_display": "100", "missing_lines": 0, "excluded_lines": 0, "percent_statements_covered": 100.0, "percent_statements_covered_display": "100"}, "missing_lines": [], "excluded_lines": [], "start_line": 226}, "PartitionManager.get_partition_for_key": {"executed_lines": [250], "summary": {"covered_lines": 1, "num_statements": 1, "percent_covered": 100.0, "percent_covered_display": "100", "missing_lines": 0, "excluded_lines": 0, "percent_statements_covered": 100.0, "percent_statements_covered_display": "100"}, "missing_lines": [], "excluded_lines": [], "start_line": 239}, "": {"executed_lines": [3, 4, 5, 7, 9, 10, 12, 15, 22, 42, 53, 79, 103, 114, 125, 152, 170, 208, 226, 239], "summary": {"covered_lines": 20, "num_statements": 20, "percent_covered": 100.0, "percent_covered_display": "100", "missing_lines": 0, "excluded_lines": 0, "percent_statements_covered": 100.0, "percent_statements_covered_display": "100"}, "missing_lines": [], "excluded_lines": [], "start_line": 1}}, "classes": {"PartitionManager": {"executed_lines": [29, 30, 31, 32, 33, 35, 51, 62, 66, 68, 69, 86, 89, 90, 91, 92, 93, 95, 112, 123, 134, 135, 138, 139, 141, 143, 150, 161, 162, 164, 165, 168, 176, 177, 180, 181, 184, 186, 193, 201, 232, 250], "summary": {"covered_lines": 42, "num_statements": 66, "percent_covered": 63.63636363636363, "percent_covered_display": "64", "missing_lines": 24, "excluded_lines": 0, "percent_statements_covered": 63.63636363636363, "percent_statements_covered_display": "64"}, "missing_lines": [63, 64, 71, 73, 77, 144, 148, 166, 178, 182, 188, 189, 190, 210, 211, 213, 214, 216, 217, 218, 220, 221, 223, 224], "excluded_lines": [], "start_line": 15}, "": {"executed_lines": [3, 4, 5, 7, 9, 10, 12, 15, 22, 42, 53, 79, 103, 114, 125, 152, 170, 208, 226, 239], "summary": {"covered_lines": 20, "num_statements": 20, "percent_covered": 100.0, "percent_covered_display": "100", "missing_lines": 0, "excluded_lines": 0, "percent_statements_covered": 100.0, "percent_statements_covered_display": "100"}, "missing_lines": [], "excluded_lines": [], "start_line": 1}}}, "src/openhqm/partitioning/models.py": {"executed_lines": [3, 4, 6, 9, 12, 13, 14, 15, 18, 26, 28, 33, 39, 44, 49, 54, 60, 66, 72, 78, 81, 82, 83, 84, 85], "summary": {"covered_lines": 25, "num_statements": 25, "percent_covered": 100.0, "percent_covered_display": "100", "missing_lines": 0, "excluded_lines": 0, "percent_statements_covered": 100.0, "percent_statements_covered_display": "100"}, "missing_lines": [], "excluded_lines": [], "functions": {"": {"executed_lines": [3, 4, 6, 9, 12, 13, 14, 15, 18, 26, 28, 33, 39, 44, 49, 54, 60, 66, 72, 78, 81, 82, 83, 84, 85], "summary": {"covered_lines": 25, "num_statements": 25, "percent_covered": 100.0, "percent_covered_display": "100", "missing_lines": 0, "excluded_lines": 0, "percent_statements_covered": 100.0, "percent_statements_covered_display": "100"}, "missing_lines": [], "excluded_lines": [], "start_line": 1}}, "classes": {"PartitionStrategy": {"executed_lines": [], "summary": {"covered_lines": 0, "num_statements": 0, "percent_covered": 100.0, "percent_covered_display": "100", "missing_lines": 0, "excluded_lines": 0, "percent_statements_covered": 100.0, "percent_statements_covered_display": "100"}, "missing_lines": [], "excluded_lines": [], "start_line": 9}, "PartitionConfig": {"executed_lines": [], "summary": {"covered_lines": 0, "num_statements": 0, "percent_covered": 100.0, "percent_covered_display": "100", "missing_lines": 0, "excluded_lines": 0, "percent_statements_covered": 100.0, "percent_statements_covered_display": "100"}, "missing_lines": [], "excluded_lines": [], "start_line": 18}, "SessionInfo": {"executed_lines": [], "summary": {"covered_lines": 0, "num_statements": 0, "percent_covered": 100.0, "percent_covered_display": "100", "missing_lines": 0, "excluded_lines": 0, "percent_statements_covered": 100.0, "percent_statements_covered_display": "100"}, "missing_lines": [], "excluded_lines": [], "start_line": 78}, "": {"executed_lines": [3, 4, 6, 9, 12, 13, 14, 15, 18, 26, 28, 33, 39, 44, 49, 54, 60, 66, 72, 78, 81, 82, 83, 84, 85], "summary": {"covered_lines": 25, "num_statements": 25, "percent_covered": 100.0, "percent_covered_display": "100", "missing_lines": 0, "excluded_lines": 0, "percent_statements_covered": 100.0, "percent_statements_covered_display": "100"}, "missing_lines": [], "excluded_lines": [], "start_line": 1}}}, "src/openhqm/queue/__init__.py": {"executed_lines": [3, 4, 6], "summary": {"covered_lines": 3, "num_statements": 3, "percent_covered": 100.0, "percent_covered_display": "100", "missing_lines": 0, "excluded_lines": 0, "percent_statements_covered": 100.0, "percent_statements_covered_display": "100"}, "missing_lines": [], "excluded_lines": [], "functions": {"": {"executed_lines": [3, 4, 6], "summary": {"covered_lines": 3, "num_statements": 3, "percent_covered": 100.0, "percent_covered_display": "100", "missing_lines": 0, "excluded_lines": 0, "percent_statements_covered": 100.0, "percent_statements_covered_display": "100"}, "missing_lines": [], "excluded_lines": [], "start_line": 1}}, "classes": {"": {"executed_lines": [3, 4, 6], "summary": {"covered_lines": 3, "num_statements": 3, "percent_covered": 100.0, "percent_covered_display": "100", "missing_lines": 0, "excluded_lines": 0, "percent_statements_covered": 100.0, "percent_statements_covered_display": "100"}, "missing_lines": [], "excluded_lines": [], "start_line": 1}}}, "src/openhqm/queue/azure_eventhubs.py": {"executed_lines": [], "summary": {"covered_lines": 0, "num_statements": 87, "percent_covered": 0.0, "percent_covered_display": "0", "missing_lines": 87, "excluded_lines": 0, "percent_statements_covered": 0.0, "percent_statements_covered_display": "0"}, "missing_lines": [3, 4, 5, 6, 8, 10, 11, 13, 16, 29, 47, 48, 49, 50, 51, 53, 54, 55, 56, 58, 60, 62, 63, 66, 72, 73, 79, 86, 91, 92, 96, 97, 98, 100, 102, 104, 105, 106, 107, 108, 109, 110, 111, 113, 127, 129, 131, 134, 135, 136, 139, 140, 143, 144, 145, 146, 149, 151, 157, 159, 160, 161, 163, 171, 173, 175, 176, 178, 180, 183, 195, 198, 200, 201, 207, 208, 209, 213, 214, 215, 217, 224, 226, 238, 243, 245, 252], "excluded_lines": [], "functions": {"AzureEventHubsQueue.__init__": {"executed_lines": [], "summary": {"covered_lines": 0, "num_statements": 9, "percent_covered": 0.0, "percent_covered_display": "0", "missing_lines": 9, "excluded_lines": 0, "percent_statements_covered": 0.0, "percent_statements_covered_display": "0"}, "missing_lines": [47, 48, 49, 50, 51, 53, 54, 55, 56], "excluded_lines": [], "start_line": 29}, "AzureEventHubsQueue.connect": {"executed_lines": [], "summary": {"covered_lines": 0, "num_statements": 13, "percent_covered": 0.0, "percent_covered_display": "0", "missing_lines": 13, "excluded_lines": 0, "percent_statements_covered": 0.0, "percent_statements_covered_display": "0"}, "missing_lines": [60, 62, 63, 66, 72, 73, 79, 86, 91, 92, 96, 97, 98], "excluded_lines": [], "start_line": 58}, "AzureEventHubsQueue.disconnect": {"executed_lines": [], "summary": {"covered_lines": 0, "num_statements": 9, "percent_covered": 0.0, "percent_covered_display": "0", "missing_lines": 9, "excluded_lines": 0, "percent_statements_covered": 0.0, "percent_statements_covered_display": "0"}, "missing_lines": [102, 104, 105, 106, 107, 108, 109, 110, 111], "excluded_lines": [], "start_line": 100}, "AzureEventHubsQueue.publish": {"executed_lines": [], "summary": {"covered_lines": 0, "num_statements": 18, "percent_covered": 0.0, "percent_covered_display": "0", "missing_lines": 18, "excluded_lines": 0, "percent_statements_covered": 0.0, "percent_statements_covered_display": "0"}, "missing_lines": [127, 129, 131, 134, 135, 136, 139, 140, 143, 144, 145, 146, 149, 151, 157, 159, 160, 161], "excluded_lines": [], "start_line": 113}, "AzureEventHubsQueue.consume": {"executed_lines": [], "summary": {"covered_lines": 0, "num_statements": 8, "percent_covered": 0.0, "percent_covered_display": "0", "missing_lines": 8, "excluded_lines": 0, "percent_statements_covered": 0.0, "percent_statements_covered_display": "0"}, "missing_lines": [171, 173, 207, 208, 209, 213, 214, 215], "excluded_lines": [], "start_line": 163}, "AzureEventHubsQueue.consume.on_event": {"executed_lines": [], "summary": {"covered_lines": 0, "num_statements": 9, "percent_covered": 0.0, "percent_covered_display": "0", "missing_lines": 9, "excluded_lines": 0, "percent_statements_covered": 0.0, "percent_statements_covered_display": "0"}, "missing_lines": [175, 176, 178, 180, 183, 195, 198, 200, 201], "excluded_lines": [], "start_line": 173}, "AzureEventHubsQueue.acknowledge": {"executed_lines": [], "summary": {"covered_lines": 0, "num_statements": 1, "percent_covered": 0.0, "percent_covered_display": "0", "missing_lines": 1, "excluded_lines": 0, "percent_statements_covered": 0.0, "percent_statements_covered_display": "0"}, "missing_lines": [224], "excluded_lines": [], "start_line": 217}, "AzureEventHubsQueue.reject": {"executed_lines": [], "summary": {"covered_lines": 0, "num_statements": 2, "percent_covered": 0.0, "percent_covered_display": "0", "missing_lines": 2, "excluded_lines": 0, "percent_statements_covered": 0.0, "percent_statements_covered_display": "0"}, "missing_lines": [238, 243], "excluded_lines": [], "start_line": 226}, "AzureEventHubsQueue.get_queue_depth": {"executed_lines": [], "summary": {"covered_lines": 0, "num_statements": 1, "percent_covered": 0.0, "percent_covered_display": "0", "missing_lines": 1, "excluded_lines": 0, "percent_statements_covered": 0.0, "percent_statements_covered_display": "0"}, "missing_lines": [252], "excluded_lines": [], "start_line": 245}, "": {"executed_lines": [], "summary": {"covered_lines": 0, "num_statements": 17, "percent_covered": 0.0, "percent_covered_display": "0", "missing_lines": 17, "excluded_lines": 0, "percent_statements_covered": 0.0, "percent_statements_covered_display": "0"}, "missing_lines": [3, 4, 5, 6, 8, 10, 11, 13, 16, 29, 58, 100, 113, 163, 217, 226, 245], "excluded_lines": [], "start_line": 1}}, "classes": {"AzureEventHubsQueue": {"executed_lines": [], "summary": {"covered_lines": 0, "num_statements": 70, "percent_covered": 0.0, "percent_covered_display": "0", "missing_lines": 70, "excluded_lines": 0, "percent_statements_covered": 0.0, "percent_statements_covered_display": "0"}, "missing_lines": [47, 48, 49, 50, 51, 53, 54, 55, 56, 60, 62, 63, 66, 72, 73, 79, 86, 91, 92, 96, 97, 98, 102, 104, 105, 106, 107, 108, 109, 110, 111, 127, 129, 131, 134, 135, 136, 139, 140, 143, 144, 145, 146, 149, 151, 157, 159, 160, 161, 171, 173, 175, 176, 178, 180, 183, 195, 198, 200, 201, 207, 208, 209, 213, 214, 215, 224, 238, 243, 252], "excluded_lines": [], "start_line": 16}, "": {"executed_lines": [], "summary": {"covered_lines": 0, "num_statements": 17, "percent_covered": 0.0, "percent_covered_display": "0", "missing_lines": 17, "excluded_lines": 0, "percent_statements_covered": 0.0, "percent_statements_covered_display": "0"}, "missing_lines": [3, 4, 5, 6, 8, 10, 11, 13, 16, 29, 58, 100, 113, 163, 217, 226, 245], "excluded_lines": [], "start_line": 1}}}, "src/openhqm/queue/custom.py": {"executed_lines": [], "summary": {"covered_lines": 0, "num_statements": 49, "percent_covered": 0.0, "percent_covered_display": "0", "missing_lines": 49, "excluded_lines": 7, "percent_statements_covered": 0.0, "percent_statements_covered_display": "0"}, "missing_lines": [3, 4, 5, 7, 9, 10, 12, 15, 35, 36, 55, 57, 60, 63, 64, 69, 70, 73, 76, 78, 84, 86, 87, 88, 89, 92, 93, 95, 96, 109, 119, 120, 121, 125, 126, 127, 129, 130, 134, 154, 160, 161, 163, 173, 184, 201, 226, 236, 254], "excluded_lines": [171, 182, 199, 224, 234, 252, 262], "functions": {"CustomQueueHandler.load_custom_queue": {"executed_lines": [], "summary": {"covered_lines": 0, "num_statements": 17, "percent_covered": 0.0, "percent_covered_display": "0", "missing_lines": 17, "excluded_lines": 0, "percent_statements_covered": 0.0, "percent_statements_covered_display": "0"}, "missing_lines": [55, 57, 60, 63, 64, 69, 70, 73, 76, 78, 84, 86, 87, 88, 89, 92, 93], "excluded_lines": [], "start_line": 36}, "CustomQueueHandler.validate_custom_implementation": {"executed_lines": [], "summary": {"covered_lines": 0, "num_statements": 9, "percent_covered": 0.0, "percent_covered_display": "0", "missing_lines": 9, "excluded_lines": 0, "percent_statements_covered": 0.0, "percent_statements_covered_display": "0"}, "missing_lines": [109, 119, 120, 121, 125, 126, 127, 129, 130], "excluded_lines": [], "start_line": 96}, "CustomQueueTemplate.__init__": {"executed_lines": [], "summary": {"covered_lines": 0, "num_statements": 2, "percent_covered": 0.0, "percent_covered_display": "0", "missing_lines": 2, "excluded_lines": 0, "percent_statements_covered": 0.0, "percent_statements_covered_display": "0"}, "missing_lines": [160, 161], "excluded_lines": [], "start_line": 154}, "CustomQueueTemplate.connect": {"executed_lines": [], "summary": {"covered_lines": 0, "num_statements": 0, "percent_covered": 100.0, "percent_covered_display": "100", "missing_lines": 0, "excluded_lines": 1, "percent_statements_covered": 100.0, "percent_statements_covered_display": "100"}, "missing_lines": [], "excluded_lines": [171], "start_line": 163}, "CustomQueueTemplate.disconnect": {"executed_lines": [], "summary": {"covered_lines": 0, "num_statements": 0, "percent_covered": 100.0, "percent_covered_display": "100", "missing_lines": 0, "excluded_lines": 1, "percent_statements_covered": 100.0, "percent_statements_covered_display": "100"}, "missing_lines": [], "excluded_lines": [182], "start_line": 173}, "CustomQueueTemplate.publish": {"executed_lines": [], "summary": {"covered_lines": 0, "num_statements": 0, "percent_covered": 100.0, "percent_covered_display": "100", "missing_lines": 0, "excluded_lines": 1, "percent_statements_covered": 100.0, "percent_statements_covered_display": "100"}, "missing_lines": [], "excluded_lines": [199], "start_line": 184}, "CustomQueueTemplate.consume": {"executed_lines": [], "summary": {"covered_lines": 0, "num_statements": 0, "percent_covered": 100.0, "percent_covered_display": "100", "missing_lines": 0, "excluded_lines": 1, "percent_statements_covered": 100.0, "percent_statements_covered_display": "100"}, "missing_lines": [], "excluded_lines": [224], "start_line": 201}, "CustomQueueTemplate.acknowledge": {"executed_lines": [], "summary": {"covered_lines": 0, "num_statements": 0, "percent_covered": 100.0, "percent_covered_display": "100", "missing_lines": 0, "excluded_lines": 1, "percent_statements_covered": 100.0, "percent_statements_covered_display": "100"}, "missing_lines": [], "excluded_lines": [234], "start_line": 226}, "CustomQueueTemplate.reject": {"executed_lines": [], "summary": {"covered_lines": 0, "num_statements": 0, "percent_covered": 100.0, "percent_covered_display": "100", "missing_lines": 0, "excluded_lines": 1, "percent_statements_covered": 100.0, "percent_statements_covered_display": "100"}, "missing_lines": [], "excluded_lines": [252], "start_line": 236}, "CustomQueueTemplate.get_queue_depth": {"executed_lines": [], "summary": {"covered_lines": 0, "num_statements": 0, "percent_covered": 100.0, "percent_covered_display": "100", "missing_lines": 0, "excluded_lines": 1, "percent_statements_covered": 100.0, "percent_statements_covered_display": "100"}, "missing_lines": [], "excluded_lines": [262], "start_line": 254}, "": {"executed_lines": [], "summary": {"covered_lines": 0, "num_statements": 21, "percent_covered": 0.0, "percent_covered_display": "0", "missing_lines": 21, "excluded_lines": 0, "percent_statements_covered": 0.0, "percent_statements_covered_display": "0"}, "missing_lines": [3, 4, 5, 7, 9, 10, 12, 15, 35, 36, 95, 96, 134, 154, 163, 173, 184, 201, 226, 236, 254], "excluded_lines": [], "start_line": 1}}, "classes": {"CustomQueueHandler": {"executed_lines": [], "summary": {"covered_lines": 0, "num_statements": 26, "percent_covered": 0.0, "percent_covered_display": "0", "missing_lines": 26, "excluded_lines": 0, "percent_statements_covered": 0.0, "percent_statements_covered_display": "0"}, "missing_lines": [55, 57, 60, 63, 64, 69, 70, 73, 76, 78, 84, 86, 87, 88, 89, 92, 93, 109, 119, 120, 121, 125, 126, 127, 129, 130], "excluded_lines": [], "start_line": 15}, "CustomQueueTemplate": {"executed_lines": [], "summary": {"covered_lines": 0, "num_statements": 2, "percent_covered": 0.0, "percent_covered_display": "0", "missing_lines": 2, "excluded_lines": 7, "percent_statements_covered": 0.0, "percent_statements_covered_display": "0"}, "missing_lines": [160, 161], "excluded_lines": [171, 182, 199, 224, 234, 252, 262], "start_line": 134}, "": {"executed_lines": [], "summary": {"covered_lines": 0, "num_statements": 21, "percent_covered": 0.0, "percent_covered_display": "0", "missing_lines": 21, "excluded_lines": 0, "percent_statements_covered": 0.0, "percent_statements_covered_display": "0"}, "missing_lines": [3, 4, 5, 7, 9, 10, 12, 15, 35, 36, 95, 96, 134, 154, 163, 173, 184, 201, 226, 236, 254], "excluded_lines": [], "start_line": 1}}}, "src/openhqm/queue/factory.py": {"executed_lines": [3, 5, 6, 7, 9, 12, 70], "summary": {"covered_lines": 7, "num_statements": 65, "percent_covered": 10.76923076923077, "percent_covered_display": "11", "missing_lines": 58, "excluded_lines": 0, "percent_statements_covered": 10.76923076923077, "percent_statements_covered_display": "11"}, "missing_lines": [16, 17, 19, 20, 21, 22, 25, 26, 28, 29, 30, 31, 34, 35, 37, 38, 39, 40, 43, 44, 46, 47, 48, 49, 52, 53, 55, 56, 57, 58, 61, 62, 64, 65, 66, 67, 83, 85, 88, 89, 91, 92, 96, 101, 102, 105, 108, 143, 144, 145, 147, 148, 149, 150, 151, 152, 153, 154], "excluded_lines": [], "functions": {"register_all_queues": {"executed_lines": [], "summary": {"covered_lines": 0, "num_statements": 36, "percent_covered": 0.0, "percent_covered_display": "0", "missing_lines": 36, "excluded_lines": 0, "percent_statements_covered": 0.0, "percent_statements_covered_display": "0"}, "missing_lines": [16, 17, 19, 20, 21, 22, 25, 26, 28, 29, 30, 31, 34, 35, 37, 38, 39, 40, 43, 44, 46, 47, 48, 49, 52, 53, 55, 56, 57, 58, 61, 62, 64, 65, 66, 67], "excluded_lines": [], "start_line": 12}, "create_queue": {"executed_lines": [], "summary": {"covered_lines": 0, "num_statements": 22, "percent_covered": 0.0, "percent_covered_display": "0", "missing_lines": 22, "excluded_lines": 0, "percent_statements_covered": 0.0, "percent_statements_covered_display": "0"}, "missing_lines": [83, 85, 88, 89, 91, 92, 96, 101, 102, 105, 108, 143, 144, 145, 147, 148, 149, 150, 151, 152, 153, 154], "excluded_lines": [], "start_line": 70}, "": {"executed_lines": [3, 5, 6, 7, 9, 12, 70], "summary": {"covered_lines": 7, "num_statements": 7, "percent_covered": 100.0, "percent_covered_display": "100", "missing_lines": 0, "excluded_lines": 0, "percent_statements_covered": 100.0, "percent_statements_covered_display": "100"}, "missing_lines": [], "excluded_lines": [], "start_line": 1}}, "classes": {"": {"executed_lines": [3, 5, 6, 7, 9, 12, 70], "summary": {"covered_lines": 7, "num_statements": 65, "percent_covered": 10.76923076923077, "percent_covered_display": "11", "missing_lines": 58, "excluded_lines": 0, "percent_statements_covered": 10.76923076923077, "percent_statements_covered_display": "11"}, "missing_lines": [16, 17, 19, 20, 21, 22, 25, 26, 28, 29, 30, 31, 34, 35, 37, 38, 39, 40, 43, 44, 46, 47, 48, 49, 52, 53, 55, 56, 57, 58, 61, 62, 64, 65, 66, 67, 83, 85, 88, 89, 91, 92, 96, 101, 102, 105, 108, 143, 144, 145, 147, 148, 149, 150, 151, 152, 153, 154], "excluded_lines": [], "start_line": 1}}}, "src/openhqm/queue/gcp_pubsub.py": {"executed_lines": [], "summary": {"covered_lines": 0, "num_statements": 119, "percent_covered": 0.0, "percent_covered_display": "0", "missing_lines": 119, "excluded_lines": 0, "percent_statements_covered": 0.0, "percent_statements_covered_display": "0"}, "missing_lines": [3, 4, 5, 6, 8, 10, 11, 13, 16, 28, 42, 43, 44, 46, 47, 48, 49, 51, 53, 55, 56, 59, 60, 61, 66, 67, 69, 71, 72, 76, 77, 78, 80, 82, 84, 86, 87, 89, 90, 92, 93, 95, 108, 109, 112, 115, 116, 117, 118, 121, 122, 124, 130, 132, 133, 134, 136, 148, 150, 151, 153, 155, 156, 157, 159, 161, 164, 174, 176, 177, 178, 180, 182, 188, 191, 193, 194, 195, 197, 199, 200, 201, 202, 203, 204, 206, 212, 214, 225, 226, 228, 234, 235, 236, 240, 242, 243, 244, 246, 254, 255, 258, 259, 260, 261, 262, 263, 266, 267, 268, 271, 272, 275, 276, 277, 279, 281, 282, 283], "excluded_lines": [], "functions": {"GCPPubSubQueue.__init__": {"executed_lines": [], "summary": {"covered_lines": 0, "num_statements": 7, "percent_covered": 0.0, "percent_covered_display": "0", "missing_lines": 7, "excluded_lines": 0, "percent_statements_covered": 0.0, "percent_statements_covered_display": "0"}, "missing_lines": [42, 43, 44, 46, 47, 48, 49], "excluded_lines": [], "start_line": 28}, "GCPPubSubQueue.connect": {"executed_lines": [], "summary": {"covered_lines": 0, "num_statements": 14, "percent_covered": 0.0, "percent_covered_display": "0", "missing_lines": 14, "excluded_lines": 0, "percent_statements_covered": 0.0, "percent_statements_covered_display": "0"}, "missing_lines": [53, 55, 56, 59, 60, 61, 66, 67, 69, 71, 72, 76, 77, 78], "excluded_lines": [], "start_line": 51}, "GCPPubSubQueue.disconnect": {"executed_lines": [], "summary": {"covered_lines": 0, "num_statements": 8, "percent_covered": 0.0, "percent_covered_display": "0", "missing_lines": 8, "excluded_lines": 0, "percent_statements_covered": 0.0, "percent_statements_covered_display": "0"}, "missing_lines": [82, 84, 86, 87, 89, 90, 92, 93], "excluded_lines": [], "start_line": 80}, "GCPPubSubQueue.publish": {"executed_lines": [], "summary": {"covered_lines": 0, "num_statements": 14, "percent_covered": 0.0, "percent_covered_display": "0", "missing_lines": 14, "excluded_lines": 0, "percent_statements_covered": 0.0, "percent_statements_covered_display": "0"}, "missing_lines": [108, 109, 112, 115, 116, 117, 118, 121, 122, 124, 130, 132, 133, 134], "excluded_lines": [], "start_line": 95}, "GCPPubSubQueue.consume": {"executed_lines": [], "summary": {"covered_lines": 0, "num_statements": 11, "percent_covered": 0.0, "percent_covered_display": "0", "missing_lines": 11, "excluded_lines": 0, "percent_statements_covered": 0.0, "percent_statements_covered_display": "0"}, "missing_lines": [148, 150, 151, 153, 180, 182, 188, 191, 193, 194, 195], "excluded_lines": [], "start_line": 136}, "GCPPubSubQueue.consume.callback": {"executed_lines": [], "summary": {"covered_lines": 0, "num_statements": 10, "percent_covered": 0.0, "percent_covered_display": "0", "missing_lines": 10, "excluded_lines": 0, "percent_statements_covered": 0.0, "percent_statements_covered_display": "0"}, "missing_lines": [155, 156, 157, 159, 161, 164, 174, 176, 177, 178], "excluded_lines": [], "start_line": 153}, "GCPPubSubQueue._handle_message": {"executed_lines": [], "summary": {"covered_lines": 0, "num_statements": 6, "percent_covered": 0.0, "percent_covered_display": "0", "missing_lines": 6, "excluded_lines": 0, "percent_statements_covered": 0.0, "percent_statements_covered_display": "0"}, "missing_lines": [199, 200, 201, 202, 203, 204], "excluded_lines": [], "start_line": 197}, "GCPPubSubQueue.acknowledge": {"executed_lines": [], "summary": {"covered_lines": 0, "num_statements": 1, "percent_covered": 0.0, "percent_covered_display": "0", "missing_lines": 1, "excluded_lines": 0, "percent_statements_covered": 0.0, "percent_statements_covered_display": "0"}, "missing_lines": [212], "excluded_lines": [], "start_line": 206}, "GCPPubSubQueue.reject": {"executed_lines": [], "summary": {"covered_lines": 0, "num_statements": 2, "percent_covered": 0.0, "percent_covered_display": "0", "missing_lines": 2, "excluded_lines": 0, "percent_statements_covered": 0.0, "percent_statements_covered_display": "0"}, "missing_lines": [225, 226], "excluded_lines": [], "start_line": 214}, "GCPPubSubQueue.get_queue_depth": {"executed_lines": [], "summary": {"covered_lines": 0, "num_statements": 7, "percent_covered": 0.0, "percent_covered_display": "0", "missing_lines": 7, "excluded_lines": 0, "percent_statements_covered": 0.0, "percent_statements_covered_display": "0"}, "missing_lines": [234, 235, 236, 240, 242, 243, 244], "excluded_lines": [], "start_line": 228}, "GCPPubSubQueue.create_queue": {"executed_lines": [], "summary": {"covered_lines": 0, "num_statements": 20, "percent_covered": 0.0, "percent_covered_display": "0", "missing_lines": 20, "excluded_lines": 0, "percent_statements_covered": 0.0, "percent_statements_covered_display": "0"}, "missing_lines": [254, 255, 258, 259, 260, 261, 262, 263, 266, 267, 268, 271, 272, 275, 276, 277, 279, 281, 282, 283], "excluded_lines": [], "start_line": 246}, "": {"executed_lines": [], "summary": {"covered_lines": 0, "num_statements": 19, "percent_covered": 0.0, "percent_covered_display": "0", "missing_lines": 19, "excluded_lines": 0, "percent_statements_covered": 0.0, "percent_statements_covered_display": "0"}, "missing_lines": [3, 4, 5, 6, 8, 10, 11, 13, 16, 28, 51, 80, 95, 136, 197, 206, 214, 228, 246], "excluded_lines": [], "start_line": 1}}, "classes": {"GCPPubSubQueue": {"executed_lines": [], "summary": {"covered_lines": 0, "num_statements": 100, "percent_covered": 0.0, "percent_covered_display": "0", "missing_lines": 100, "excluded_lines": 0, "percent_statements_covered": 0.0, "percent_statements_covered_display": "0"}, "missing_lines": [42, 43, 44, 46, 47, 48, 49, 53, 55, 56, 59, 60, 61, 66, 67, 69, 71, 72, 76, 77, 78, 82, 84, 86, 87, 89, 90, 92, 93, 108, 109, 112, 115, 116, 117, 118, 121, 122, 124, 130, 132, 133, 134, 148, 150, 151, 153, 155, 156, 157, 159, 161, 164, 174, 176, 177, 178, 180, 182, 188, 191, 193, 194, 195, 199, 200, 201, 202, 203, 204, 212, 225, 226, 234, 235, 236, 240, 242, 243, 244, 254, 255, 258, 259, 260, 261, 262, 263, 266, 267, 268, 271, 272, 275, 276, 277, 279, 281, 282, 283], "excluded_lines": [], "start_line": 16}, "": {"executed_lines": [], "summary": {"covered_lines": 0, "num_statements": 19, "percent_covered": 0.0, "percent_covered_display": "0", "missing_lines": 19, "excluded_lines": 0, "percent_statements_covered": 0.0, "percent_statements_covered_display": "0"}, "missing_lines": [3, 4, 5, 6, 8, 10, 11, 13, 16, 28, 51, 80, 95, 136, 197, 206, 214, 228, 246], "excluded_lines": [], "start_line": 1}}}, "src/openhqm/queue/interface.py": {"executed_lines": [13, 14, 15, 16, 19, 20, 27, 30, 33, 174, 187, 203, 218, 232, 235, 237, 238, 248, 249, 269, 270], "summary": {"covered_lines": 21, "num_statements": 36, "percent_covered": 58.333333333333336, "percent_covered_display": "58", "missing_lines": 15, "excluded_lines": 121, "percent_statements_covered": 58.333333333333336, "percent_statements_covered_display": "58"}, "missing_lines": [181, 182, 183, 184, 185, 201, 216, 229, 246, 263, 264, 265, 266, 267, 277], "excluded_lines": [46, 47, 48, 49, 50, 51, 52, 53, 54, 56, 57, 58, 59, 61, 62, 63, 64, 65, 66, 67, 68, 69, 70, 71, 72, 73, 74, 75, 76, 77, 78, 79, 80, 81, 82, 83, 84, 85, 86, 88, 89, 90, 91, 92, 93, 94, 95, 96, 97, 98, 99, 100, 101, 102, 103, 104, 105, 106, 107, 108, 109, 110, 111, 113, 114, 115, 116, 117, 118, 119, 120, 121, 122, 123, 124, 125, 126, 127, 128, 129, 131, 132, 133, 134, 135, 136, 137, 138, 139, 140, 141, 142, 143, 144, 145, 146, 147, 148, 149, 150, 151, 152, 153, 154, 156, 157, 158, 159, 160, 161, 162, 163, 164, 165, 166, 167, 168, 169, 170, 171, 172], "functions": {"MessageQueueInterface.connect": {"executed_lines": [], "summary": {"covered_lines": 0, "num_statements": 0, "percent_covered": 100.0, "percent_covered_display": "100", "missing_lines": 0, "excluded_lines": 7, "percent_statements_covered": 100.0, "percent_statements_covered_display": "100"}, "missing_lines": [], "excluded_lines": [48, 49, 50, 51, 52, 53, 54], "start_line": 47}, "MessageQueueInterface.disconnect": {"executed_lines": [], "summary": {"covered_lines": 0, "num_statements": 0, "percent_covered": 100.0, "percent_covered_display": "100", "missing_lines": 0, "excluded_lines": 2, "percent_statements_covered": 100.0, "percent_statements_covered_display": "100"}, "missing_lines": [], "excluded_lines": [58, 59], "start_line": 57}, "MessageQueueInterface.publish": {"executed_lines": [], "summary": {"covered_lines": 0, "num_statements": 0, "percent_covered": 100.0, "percent_covered_display": "100", "missing_lines": 0, "excluded_lines": 17, "percent_statements_covered": 100.0, "percent_statements_covered_display": "100"}, "missing_lines": [], "excluded_lines": [70, 71, 72, 73, 74, 75, 76, 77, 78, 79, 80, 81, 82, 83, 84, 85, 86], "start_line": 62}, "MessageQueueInterface.consume": {"executed_lines": [], "summary": {"covered_lines": 0, "num_statements": 0, "percent_covered": 100.0, "percent_covered_display": "100", "missing_lines": 0, "excluded_lines": 16, "percent_statements_covered": 100.0, "percent_statements_covered_display": "100"}, "missing_lines": [], "excluded_lines": [96, 97, 98, 99, 100, 101, 102, 103, 104, 105, 106, 107, 108, 109, 110, 111], "start_line": 89}, "MessageQueueInterface.acknowledge": {"executed_lines": [], "summary": {"covered_lines": 0, "num_statements": 0, "percent_covered": 100.0, "percent_covered_display": "100", "missing_lines": 0, "excluded_lines": 15, "percent_statements_covered": 100.0, "percent_statements_covered_display": "100"}, "missing_lines": [], "excluded_lines": [115, 116, 117, 118, 119, 120, 121, 122, 123, 124, 125, 126, 127, 128, 129], "start_line": 114}, "MessageQueueInterface.reject": {"executed_lines": [], "summary": {"covered_lines": 0, "num_statements": 0, "percent_covered": 100.0, "percent_covered_display": "100", "missing_lines": 0, "excluded_lines": 17, "percent_statements_covered": 100.0, "percent_statements_covered_display": "100"}, "missing_lines": [], "excluded_lines": [138, 139, 140, 141, 142, 143, 144, 145, 146, 147, 148, 149, 150, 151, 152, 153, 154], "start_line": 132}, "MessageQueueInterface.get_queue_depth": {"executed_lines": [], "summary": {"covered_lines": 0, "num_statements": 0, "percent_covered": 100.0, "percent_covered_display": "100", "missing_lines": 0, "excluded_lines": 15, "percent_statements_covered": 100.0, "percent_statements_covered_display": "100"}, "missing_lines": [], "excluded_lines": [158, 159, 160, 161, 162, 163, 164, 165, 166, 167, 168, 169, 170, 171, 172], "start_line": 157}, "MessageQueueInterface.health_check": {"executed_lines": [], "summary": {"covered_lines": 0, "num_statements": 5, "percent_covered": 0.0, "percent_covered_display": "0", "missing_lines": 5, "excluded_lines": 0, "percent_statements_covered": 0.0, "percent_statements_covered_display": "0"}, "missing_lines": [181, 182, 183, 184, 185], "excluded_lines": [], "start_line": 174}, "MessageQueueInterface.create_queue": {"executed_lines": [], "summary": {"covered_lines": 0, "num_statements": 1, "percent_covered": 0.0, "percent_covered_display": "0", "missing_lines": 1, "excluded_lines": 0, "percent_statements_covered": 0.0, "percent_statements_covered_display": "0"}, "missing_lines": [201], "excluded_lines": [], "start_line": 187}, "MessageQueueInterface.delete_queue": {"executed_lines": [], "summary": {"covered_lines": 0, "num_statements": 1, "percent_covered": 0.0, "percent_covered_display": "0", "missing_lines": 1, "excluded_lines": 0, "percent_statements_covered": 0.0, "percent_statements_covered_display": "0"}, "missing_lines": [216], "excluded_lines": [], "start_line": 203}, "MessageQueueInterface.purge_queue": {"executed_lines": [], "summary": {"covered_lines": 0, "num_statements": 1, "percent_covered": 0.0, "percent_covered_display": "0", "missing_lines": 1, "excluded_lines": 0, "percent_statements_covered": 0.0, "percent_statements_covered_display": "0"}, "missing_lines": [229], "excluded_lines": [], "start_line": 218}, "MessageQueueFactory.register": {"executed_lines": [], "summary": {"covered_lines": 0, "num_statements": 1, "percent_covered": 0.0, "percent_covered_display": "0", "missing_lines": 1, "excluded_lines": 0, "percent_statements_covered": 0.0, "percent_statements_covered_display": "0"}, "missing_lines": [246], "excluded_lines": [], "start_line": 238}, "MessageQueueFactory.create": {"executed_lines": [], "summary": {"covered_lines": 0, "num_statements": 5, "percent_covered": 0.0, "percent_covered_display": "0", "missing_lines": 5, "excluded_lines": 0, "percent_statements_covered": 0.0, "percent_statements_covered_display": "0"}, "missing_lines": [263, 264, 265, 266, 267], "excluded_lines": [], "start_line": 249}, "MessageQueueFactory.list_types": {"executed_lines": [], "summary": {"covered_lines": 0, "num_statements": 1, "percent_covered": 0.0, "percent_covered_display": "0", "missing_lines": 1, "excluded_lines": 0, "percent_statements_covered": 0.0, "percent_statements_covered_display": "0"}, "missing_lines": [277], "excluded_lines": [], "start_line": 270}, "": {"executed_lines": [13, 14, 15, 16, 19, 20, 27, 30, 33, 174, 187, 203, 218, 232, 235, 237, 238, 248, 249, 269, 270], "summary": {"covered_lines": 21, "num_statements": 21, "percent_covered": 100.0, "percent_covered_display": "100", "missing_lines": 0, "excluded_lines": 32, "percent_statements_covered": 100.0, "percent_statements_covered_display": "100"}, "missing_lines": [], "excluded_lines": [46, 47, 56, 57, 61, 62, 63, 64, 65, 66, 67, 68, 69, 88, 89, 90, 91, 92, 93, 94, 95, 113, 114, 131, 132, 133, 134, 135, 136, 137, 156, 157], "start_line": 1}}, "classes": {"QueueMessage": {"executed_lines": [], "summary": {"covered_lines": 0, "num_statements": 0, "percent_covered": 100.0, "percent_covered_display": "100", "missing_lines": 0, "excluded_lines": 0, "percent_statements_covered": 100.0, "percent_statements_covered_display": "100"}, "missing_lines": [], "excluded_lines": [], "start_line": 20}, "MessageQueueInterface": {"executed_lines": [], "summary": {"covered_lines": 0, "num_statements": 8, "percent_covered": 0.0, "percent_covered_display": "0", "missing_lines": 8, "excluded_lines": 89, "percent_statements_covered": 0.0, "percent_statements_covered_display": "0"}, "missing_lines": [181, 182, 183, 184, 185, 201, 216, 229], "excluded_lines": [48, 49, 50, 51, 52, 53, 54, 58, 59, 70, 71, 72, 73, 74, 75, 76, 77, 78, 79, 80, 81, 82, 83, 84, 85, 86, 96, 97, 98, 99, 100, 101, 102, 103, 104, 105, 106, 107, 108, 109, 110, 111, 115, 116, 117, 118, 119, 120, 121, 122, 123, 124, 125, 126, 127, 128, 129, 138, 139, 140, 141, 142, 143, 144, 145, 146, 147, 148, 149, 150, 151, 152, 153, 154, 158, 159, 160, 161, 162, 163, 164, 165, 166, 167, 168, 169, 170, 171, 172], "start_line": 33}, "MessageQueueFactory": {"executed_lines": [], "summary": {"covered_lines": 0, "num_statements": 7, "percent_covered": 0.0, "percent_covered_display": "0", "missing_lines": 7, "excluded_lines": 0, "percent_statements_covered": 0.0, "percent_statements_covered_display": "0"}, "missing_lines": [246, 263, 264, 265, 266, 267, 277], "excluded_lines": [], "start_line": 232}, "": {"executed_lines": [13, 14, 15, 16, 19, 20, 27, 30, 33, 174, 187, 203, 218, 232, 235, 237, 238, 248, 249, 269, 270], "summary": {"covered_lines": 21, "num_statements": 21, "percent_covered": 100.0, "percent_covered_display": "100", "missing_lines": 0, "excluded_lines": 32, "percent_statements_covered": 100.0, "percent_statements_covered_display": "100"}, "missing_lines": [], "excluded_lines": [46, 47, 56, 57, 61, 62, 63, 64, 65, 66, 67, 68, 69, 88, 89, 90, 91, 92, 93, 94, 95, 113, 114, 131, 132, 133, 134, 135, 136, 137, 156, 157], "start_line": 1}}}, "src/openhqm/queue/mqtt.py": {"executed_lines": [], "summary": {"covered_lines": 0, "num_statements": 101, "percent_covered": 0.0, "percent_covered_display": "0", "missing_lines": 101, "excluded_lines": 0, "percent_statements_covered": 0.0, "percent_statements_covered_display": "0"}, "missing_lines": [3, 4, 5, 6, 7, 9, 11, 12, 14, 17, 32, 56, 57, 58, 59, 60, 61, 62, 63, 65, 66, 67, 68, 70, 72, 74, 76, 86, 88, 95, 96, 99, 100, 101, 103, 105, 107, 108, 109, 110,
[...]
ercent_covered": 88.88888888888889, "percent_covered_display": "89", "missing_lines": 1, "excluded_lines": 0, "percent_statements_covered": 88.88888888888889, "percent_statements_covered_display": "89"}, "missing_lines": [27], "excluded_lines": [], "functions": {"get_nested_value": {"executed_lines": [21, 22, 23, 24, 25, 28], "summary": {"covered_lines": 6, "num_statements": 7, "percent_covered": 85.71428571428571, "percent_covered_display": "86", "missing_lines": 1, "excluded_lines": 0, "percent_statements_covered": 85.71428571428571, "percent_statements_covered_display": "86"}, "missing_lines": [27], "excluded_lines": [], "start_line": 6}, "": {"executed_lines": [3, 6], "summary": {"covered_lines": 2, "num_statements": 2, "percent_covered": 100.0, "percent_covered_display": "100", "missing_lines": 0, "excluded_lines": 0, "percent_statements_covered": 100.0, "percent_statements_covered_display": "100"}, "missing_lines": [], "excluded_lines": [], "start_line": 1}}, "classes": {"": {"executed_lines": [3, 6, 21, 22, 23, 24, 25, 28], "summary": {"covered_lines": 8, "num_statements": 9, "percent_covered": 88.88888888888889, "percent_covered_display": "89", "missing_lines": 1, "excluded_lines": 0, "percent_statements_covered": 88.88888888888889, "percent_statements_covered_display": "89"}, "missing_lines": [27], "excluded_lines": [], "start_line": 1}}}, "src/openhqm/utils/logging.py": {"executed_lines": [3, 4, 6, 8, 11, 49], "summary": {"covered_lines": 6, "num_statements": 14, "percent_covered": 42.857142857142854, "percent_covered_display": "43", "missing_lines": 8, "excluded_lines": 0, "percent_statements_covered": 42.857142857142854, "percent_statements_covered_display": "43"}, "missing_lines": [13, 16, 23, 34, 35, 37, 40, 59], "excluded_lines": [], "functions": {"setup_logging": {"executed_lines": [], "summary": {"covered_lines": 0, "num_statements": 7, "percent_covered": 0.0, "percent_covered_display": "0", "missing_lines": 7, "excluded_lines": 0, "percent_statements_covered": 0.0, "percent_statements_covered_display": "0"}, "missing_lines": [13, 16, 23, 34, 35, 37, 40], "excluded_lines": [], "start_line": 11}, "get_logger": {"executed_lines": [], "summary": {"covered_lines": 0, "num_statements": 1, "percent_covered": 0.0, "percent_covered_display": "0", "missing_lines": 1, "excluded_lines": 0, "percent_statements_covered": 0.0, "percent_statements_covered_display": "0"}, "missing_lines": [59], "excluded_lines": [], "start_line": 49}, "": {"executed_lines": [3, 4, 6, 8, 11, 49], "summary": {"covered_lines": 6, "num_statements": 6, "percent_covered": 100.0, "percent_covered_display": "100", "missing_lines": 0, "excluded_lines": 0, "percent_statements_covered": 100.0, "percent_statements_covered_display": "100"}, "missing_lines": [], "excluded_lines": [], "start_line": 1}}, "classes": {"": {"executed_lines": [3, 4, 6, 8, 11, 49], "summary": {"covered_lines": 6, "num_statements": 14, "percent_covered": 42.857142857142854, "percent_covered_display": "43", "missing_lines": 8, "excluded_lines": 0, "percent_statements_covered": 42.857142857142854, "percent_statements_covered_display": "43"}, "missing_lines": [13, 16, 23, 34, 35, 37, 40, 59], "excluded_lines": [], "start_line": 1}}}, "src/openhqm/utils/metrics.py": {"executed_lines": [3, 6, 9, 16, 23, 31, 38, 45, 52, 60, 67, 74, 82, 85, 86, 87, 88, 89, 90, 91, 92, 93, 94, 95, 96, 99], "summary": {"covered_lines": 26, "num_statements": 26, "percent_covered": 100.0, "percent_covered_display": "100", "missing_lines": 0, "excluded_lines": 0, "percent_statements_covered": 100.0, "percent_statements_covered_display": "100"}, "missing_lines": [], "excluded_lines": [], "functions": {"Metrics.__init__": {"executed_lines": [86, 87, 88, 89, 90, 91, 92, 93, 94, 95, 96], "summary": {"covered_lines": 11, "num_statements": 11, "percent_covered": 100.0, "percent_covered_display": "100", "missing_lines": 0, "excluded_lines": 0, "percent_statements_covered": 100.0, "percent_statements_covered_display": "100"}, "missing_lines": [], "excluded_lines": [], "start_line": 85}, "": {"executed_lines": [3, 6, 9, 16, 23, 31, 38, 45, 52, 60, 67, 74, 82, 85, 99], "summary": {"covered_lines": 15, "num_statements": 15, "percent_covered": 100.0, "percent_covered_display": "100", "missing_lines": 0, "excluded_lines": 0, "percent_statements_covered": 100.0, "percent_statements_covered_display": "100"}, "missing_lines": [], "excluded_lines": [], "start_line": 1}}, "classes": {"Metrics": {"executed_lines": [86, 87, 88, 89, 90, 91, 92, 93, 94, 95, 96], "summary": {"covered_lines": 11, "num_statements": 11, "percent_covered": 100.0, "percent_covered_display": "100", "missing_lines": 0, "excluded_lines": 0, "percent_statements_covered": 100.0, "percent_statements_covered_display": "100"}, "missing_lines": [], "excluded_lines": [], "start_line": 82}, "": {"executed_lines": [3, 6, 9, 16, 23, 31, 38, 45, 52, 60, 67, 74, 82, 85, 99], "summary": {"covered_lines": 15, "num_statements": 15, "percent_covered": 100.0, "percent_covered_display": "100", "missing_lines": 0, "excluded_lines": 0, "percent_statements_covered": 100.0, "percent_statements_covered_display": "100"}, "missing_lines": [], "excluded_lines": [], "start_line": 1}}}, "src/openhqm/worker/__init__.py": {"executed_lines": [3, 4, 6], "summary": {"covered_lines": 3, "num_statements": 3, "percent_covered": 100.0, "percent_covered_display": "100", "missing_lines": 0, "excluded_lines": 0, "percent_statements_covered": 100.0, "percent_statements_covered_display": "100"}, "missing_lines": [], "excluded_lines": [], "functions": {"": {"executed_lines": [3, 4, 6], "summary": {"covered_lines": 3, "num_statements": 3, "percent_covered": 100.0, "percent_covered_display": "100", "missing_lines": 0, "excluded_lines": 0, "percent_statements_covered": 100.0, "percent_statements_covered_display": "100"}, "missing_lines": [], "excluded_lines": [], "start_line": 1}}, "classes": {"": {"executed_lines": [3, 4, 6], "summary": {"covered_lines": 3, "num_statements": 3, "percent_covered": 100.0, "percent_covered_display": "100", "missing_lines": 0, "excluded_lines": 0, "percent_statements_covered": 100.0, "percent_statements_covered_display": "100"}, "missing_lines": [], "excluded_lines": [], "start_line": 1}}}, "src/openhqm/worker/processor.py": {"executed_lines": [3, 4, 6, 7, 9, 10, 11, 12, 14, 17, 20, 26, 27, 28, 31, 35, 39, 54, 61, 63, 67, 70, 72, 74, 75, 77, 78, 79, 80, 81, 82, 83, 84, 86, 88, 93, 95, 97, 98, 100, 101, 102, 104, 105, 106, 107, 108, 110, 111, 112, 114, 116, 122, 125, 126, 129, 130, 133, 134, 135, 137, 139, 141, 142, 144, 146, 148, 149, 152, 153, 154, 155, 168, 174, 180, 203, 206, 214, 215, 217, 238, 246, 249, 250, 253, 256, 259, 261, 263, 271, 273, 274, 280, 286, 293, 295, 296, 297], "summary": {"covered_lines": 98, "num_statements": 151, "percent_covered": 64.90066225165563, "percent_covered_display": "65", "missing_lines": 53, "excluded_lines": 0, "percent_statements_covered": 64.90066225165563, "percent_statements_covered_display": "65"}, "missing_lines": [32, 36, 37, 41, 42, 43, 44, 45, 46, 47, 49, 50, 51, 52, 56, 57, 58, 59, 64, 68, 158, 159, 160, 163, 166, 170, 171, 172, 176, 177, 178, 207, 208, 209, 211, 218, 219, 221, 222, 223, 226, 227, 228, 229, 231, 276, 277, 298, 299, 300, 301, 302, 303], "excluded_lines": [], "functions": {"MessageProcessor.__init__": {"executed_lines": [26, 27, 28, 31, 35], "summary": {"covered_lines": 5, "num_statements": 8, "percent_covered": 62.5, "percent_covered_display": "62", "missing_lines": 3, "excluded_lines": 0, "percent_statements_covered": 62.5, "percent_statements_covered_display": "62"}, "missing_lines": [32, 36, 37], "excluded_lines": [], "start_line": 20}, "MessageProcessor._init_routing_engine": {"executed_lines": [], "summary": {"covered_lines": 0, "num_statements": 11, "percent_covered": 0.0, "percent_covered_display": "0", "missing_lines": 11, "excluded_lines": 0, "percent_statements_covered": 0.0, "percent_statements_covered_display": "0"}, "missing_lines": [41, 42, 43, 44, 45, 46, 47, 49, 50, 51, 52], "excluded_lines": [], "start_line": 39}, "MessageProcessor._get_session": {"executed_lines": [], "summary": {"covered_lines": 0, "num_statements": 4, "percent_covered": 0.0, "percent_covered_display": "0", "missing_lines": 4, "excluded_lines": 0, "percent_statements_covered": 0.0, "percent_statements_covered_display": "0"}, "missing_lines": [56, 57, 58, 59], "excluded_lines": [], "start_line": 54}, "MessageProcessor.close": {"executed_lines": [63, 67], "summary": {"covered_lines": 2, "num_statements": 4, "percent_covered": 50.0, "percent_covered_display": "50", "missing_lines": 2, "excluded_lines": 0, "percent_statements_covered": 50.0, "percent_statements_covered_display": "50"}, "missing_lines": [64, 68], "excluded_lines": [], "start_line": 61}, "MessageProcessor._example_process": {"executed_lines": [72, 74, 75, 77, 78, 79, 80, 81, 82, 83, 84, 86, 88], "summary": {"covered_lines": 13, "num_statements": 13, "percent_covered": 100.0, "percent_covered_display": "100", "missing_lines": 0, "excluded_lines": 0, "percent_statements_covered": 100.0, "percent_statements_covered_display": "100"}, "missing_lines": [], "excluded_lines": [], "start_line": 70}, "MessageProcessor._prepare_auth_headers": {"executed_lines": [95, 97, 98, 100, 101, 102, 104, 105, 106, 107, 108, 110, 111, 112, 114], "summary": {"covered_lines": 15, "num_statements": 15, "percent_covered": 100.0, "percent_covered_display": "100", "missing_lines": 0, "excluded_lines": 0, "percent_statements_covered": 100.0, "percent_statements_covered_display": "100"}, "missing_lines": [], "excluded_lines": [], "start_line": 93}, "MessageProcessor._merge_headers": {"executed_lines": [122, 125, 126, 129, 130, 133, 134, 135, 137, 139, 141, 142, 144], "summary": {"covered_lines": 13, "num_statements": 13, "percent_covered": 100.0, "percent_covered_display": "100", "missing_lines": 0, "excluded_lines": 0, "percent_statements_covered": 100.0, "percent_statements_covered_display": "100"}, "missing_lines": [], "excluded_lines": [], "start_line": 116}, "MessageProcessor._get_endpoint_config": {"executed_lines": [148, 149, 152, 153, 154, 155], "summary": {"covered_lines": 6, "num_statements": 11, "percent_covered": 54.54545454545455, "percent_covered_display": "55", "missing_lines": 5, "excluded_lines": 0, "percent_statements_covered": 54.54545454545455, "percent_statements_covered_display": "55"}, "missing_lines": [158, 159, 160, 163, 166], "excluded_lines": [], "start_line": 146}, "MessageProcessor.set_partition_assignments": {"executed_lines": [], "summary": {"covered_lines": 0, "num_statements": 3, "percent_covered": 0.0, "percent_covered_display": "0", "missing_lines": 3, "excluded_lines": 0, "percent_statements_covered": 0.0, "percent_statements_covered_display": "0"}, "missing_lines": [170, 171, 172], "excluded_lines": [], "start_line": 168}, "MessageProcessor.get_partition_stats": {"executed_lines": [], "summary": {"covered_lines": 0, "num_statements": 3, "percent_covered": 0.0, "percent_covered_display": "0", "missing_lines": 3, "excluded_lines": 0, "percent_statements_covered": 0.0, "percent_statements_covered_display": "0"}, "missing_lines": [176, 177, 178], "excluded_lines": [], "start_line": 174}, "MessageProcessor.process": {"executed_lines": [203, 206, 214, 215, 217, 238, 246, 249, 250, 253, 256, 259, 261, 263, 271, 273, 274, 280, 286, 293, 295, 296, 297], "summary": {"covered_lines": 23, "num_statements": 45, "percent_covered": 51.111111111111114, "percent_covered_display": "51", "missing_lines": 22, "excluded_lines": 0, "percent_statements_covered": 51.111111111111114, "percent_statements_covered_display": "51"}, "missing_lines": [207, 208, 209, 211, 218, 219, 221, 222, 223, 226, 227, 228, 229, 231, 276, 277, 298, 299, 300, 301, 302, 303], "excluded_lines": [], "start_line": 180}, "": {"executed_lines": [3, 4, 6, 7, 9, 10, 11, 12, 14, 17, 20, 39, 54, 61, 70, 93, 116, 146, 168, 174, 180], "summary": {"covered_lines": 21, "num_statements": 21, "percent_covered": 100.0, "percent_covered_display": "100", "missing_lines": 0, "excluded_lines": 0, "percent_statements_covered": 100.0, "percent_statements_covered_display": "100"}, "missing_lines": [], "excluded_lines": [], "start_line": 1}}, "classes": {"MessageProcessor": {"executed_lines": [26, 27, 28, 31, 35, 63, 67, 72, 74, 75, 77, 78, 79, 80, 81, 82, 83, 84, 86, 88, 95, 97, 98, 100, 101, 102, 104, 105, 106, 107, 108, 110, 111, 112, 114, 122, 125, 126, 129, 130, 133, 134, 135, 137, 139, 141, 142, 144, 148, 149, 152, 153, 154, 155, 203, 206, 214, 215, 217, 238, 246, 249, 250, 253, 256, 259, 261, 263, 271, 273, 274, 280, 286, 293, 295, 296, 297], "summary": {"covered_lines": 77, "num_statements": 130, "percent_covered": 59.23076923076923, "percent_covered_display": "59", "missing_lines": 53, "excluded_lines": 0, "percent_statements_covered": 59.23076923076923, "percent_statements_covered_display": "59"}, "missing_lines": [32, 36, 37, 41, 42, 43, 44, 45, 46, 47, 49, 50, 51, 52, 56, 57, 58, 59, 64, 68, 158, 159, 160, 163, 166, 170, 171, 172, 176, 177, 178, 207, 208, 209, 211, 218, 219, 221, 222, 223, 226, 227, 228, 229, 231, 276, 277, 298, 299, 300, 301, 302, 303], "excluded_lines": [], "start_line": 17}, "": {"executed_lines": [3, 4, 6, 7, 9, 10, 11, 12, 14, 17, 20, 39, 54, 61, 70, 93, 116, 146, 168, 174, 180], "summary": {"covered_lines": 21, "num_statements": 21, "percent_covered": 100.0, "percent_covered_display": "100", "missing_lines": 0, "excluded_lines": 0, "percent_statements_covered": 100.0, "percent_statements_covered_display": "100"}, "missing_lines": [], "excluded_lines": [], "start_line": 1}}}, "src/openhqm/worker/worker.py": {"executed_lines": [3, 4, 5, 6, 7, 9, 11, 12, 13, 14, 15, 16, 17, 18, 20, 23, 26, 49, 74, 194, 225, 259, 270, 291, 336], "summary": {"covered_lines": 25, "num_statements": 120, "percent_covered": 20.833333333333332, "percent_covered_display": "21", "missing_lines": 95, "excluded_lines": 2, "percent_statements_covered": 20.833333333333332, "percent_statements_covered_display": "21"}, "missing_lines": [42, 43, 44, 45, 46, 47, 51, 54, 55, 57, 60, 62, 63, 68, 69, 70, 72, 81, 82, 84, 89, 91, 93, 95, 106, 113, 116, 127, 140, 153, 159, 163, 164, 166, 168, 170, 171, 172, 174, 175, 177, 179, 180, 181, 182, 183, 185, 186, 187, 188, 189, 192, 202, 204, 205, 215, 216, 218, 219, 233, 234, 243, 252, 253, 267, 268, 272, 275, 276, 277, 278, 279, 280, 283, 285, 286, 288, 300, 302, 304, 312, 313, 316, 319, 320, 321, 327, 329, 330, 333, 338, 340, 341, 342, 344], "excluded_lines": [347, 348], "functions": {"Worker.__init__": {"executed_lines": [], "summary": {"covered_lines": 0, "num_statements": 6, "percent_covered": 0.0, "percent_covered_display": "0", "missing_lines": 6, "excluded_lines": 0, "percent_statements_covered": 0.0, "percent_statements_covered_display": "0"}, "missing_lines": [42, 43, 44, 45, 46, 47], "excluded_lines": [], "start_line": 26}, "Worker.start": {"executed_lines": [], "summary": {"covered_lines": 0, "num_statements": 11, "percent_covered": 0.0, "percent_covered_display": "0", "missing_lines": 11, "excluded_lines": 0, "percent_statements_covered": 0.0, "percent_statements_covered_display": "0"}, "missing_lines": [51, 54, 55, 57, 60, 62, 63, 68, 69, 70, 72], "excluded_lines": [], "start_line": 49}, "Worker._handle_message": {"executed_lines": [], "summary": {"covered_lines": 0, "num_statements": 35, "percent_covered": 0.0, "percent_covered_display": "0", "missing_lines": 35, "excluded_lines": 0, "percent_statements_covered": 0.0, "percent_statements_covered_display": "0"}, "missing_lines": [81, 82, 84, 89, 91, 93, 95, 106, 113, 116, 127, 140, 153, 159, 163, 164, 166, 168, 170, 171, 172, 174, 175, 177, 179, 180, 181, 182, 183, 185, 186, 187, 188, 189, 192], "excluded_lines": [], "start_line": 74}, "Worker._send_to_dlq": {"executed_lines": [], "summary": {"covered_lines": 0, "num_statements": 7, "percent_covered": 0.0, "percent_covered_display": "0", "missing_lines": 7, "excluded_lines": 0, "percent_statements_covered": 0.0, "percent_statements_covered_display": "0"}, "missing_lines": [202, 204, 205, 215, 216, 218, 219], "excluded_lines": [], "start_line": 194}, "Worker._mark_failed": {"executed_lines": [], "summary": {"covered_lines": 0, "num_statements": 5, "percent_covered": 0.0, "percent_covered_display": "0", "missing_lines": 5, "excluded_lines": 0, "percent_statements_covered": 0.0, "percent_statements_covered_display": "0"}, "missing_lines": [233, 234, 243, 252, 253], "excluded_lines": [], "start_line": 225}, "Worker._handle_shutdown": {"executed_lines": [], "summary": {"covered_lines": 0, "num_statements": 2, "percent_covered": 0.0, "percent_covered_display": "0", "missing_lines": 2, "excluded_lines": 0, "percent_statements_covered": 0.0, "percent_statements_covered_display": "0"}, "missing_lines": [267, 268], "excluded_lines": [], "start_line": 259}, "Worker.shutdown": {"executed_lines": [], "summary": {"covered_lines": 0, "num_statements": 11, "percent_covered": 0.0, "percent_covered_display": "0", "missing_lines": 11, "excluded_lines": 0, "percent_statements_covered": 0.0, "percent_statements_covered_display": "0"}, "missing_lines": [272, 275, 276, 277, 278, 279, 280, 283, 285, 286, 288], "excluded_lines": [], "start_line": 270}, "run_worker": {"executed_lines": [], "summary": {"covered_lines": 0, "num_statements": 13, "percent_covered": 0.0, "percent_covered_display": "0", "missing_lines": 13, "excluded_lines": 0, "percent_statements_covered": 0.0, "percent_statements_covered_display": "0"}, "missing_lines": [300, 302, 304, 312, 313, 316, 319, 320, 321, 327, 329, 330, 333], "excluded_lines": [], "start_line": 291}, "main": {"executed_lines": [], "summary": {"covered_lines": 0, "num_statements": 5, "percent_covered": 0.0, "percent_covered_display": "0", "missing_lines": 5, "excluded_lines": 0, "percent_statements_covered": 0.0, "percent_statements_covered_display": "0"}, "missing_lines": [338, 340, 341, 342, 344], "excluded_lines": [], "start_line": 336}, "": {"executed_lines": [3, 4, 5, 6, 7, 9, 11, 12, 13, 14, 15, 16, 17, 18, 20, 23, 26, 49, 74, 194, 225, 259, 270, 291, 336], "summary": {"covered_lines": 25, "num_statements": 25, "percent_covered": 100.0, "percent_covered_display": "100", "missing_lines": 0, "excluded_lines": 2, "percent_statements_covered": 100.0, "percent_statements_covered_display": "100"}, "missing_lines": [], "excluded_lines": [347, 348], "start_line": 1}}, "classes": {"Worker": {"executed_lines": [], "summary": {"covered_lines": 0, "num_statements": 77, "percent_covered": 0.0, "percent_covered_display": "0", "missing_lines": 77, "excluded_lines": 0, "percent_statements_covered": 0.0, "percent_statements_covered_display": "0"}, "missing_lines": [42, 43, 44, 45, 46, 47, 51, 54, 55, 57, 60, 62, 63, 68, 69, 70, 72, 81, 82, 84, 89, 91, 93, 95, 106, 113, 116, 127, 140, 153, 159, 163, 164, 166, 168, 170, 171, 172, 174, 175, 177, 179, 180, 181, 182, 183, 185, 186, 187, 188, 189, 192, 202, 204, 205, 215, 216, 218, 219, 233, 234, 243, 252, 253, 267, 268, 272, 275, 276, 277, 278, 279, 280, 283, 285, 286, 288], "excluded_lines": [], "start_line": 23}, "": {"executed_lines": [3, 4, 5, 6, 7, 9, 11, 12, 13, 14, 15, 16, 17, 18, 20, 23, 26, 49, 74, 194, 225, 259, 270, 291, 336], "summary": {"covered_lines": 25, "num_statements": 43, "percent_covered": 58.13953488372093, "percent_covered_display": "58", "missing_lines": 18, "excluded_lines": 2, "percent_statements_covered": 58.13953488372093, "percent_statements_covered_display": "58"}, "missing_lines": [300, 302, 304, 312, 313, 316, 319, 320, 321, 327, 329, 330, 333, 338, 340, 341, 342, 344], "excluded_lines": [347, 348], "start_line": 1}}}}, "totals": {"covered_lines": 679, "num_statements": 1587, "percent_covered": 42.785129174543165, "percent_covered_display": "43", "missing_lines": 908, "excluded_lines": 191, "percent_statements_covered": 42.785129174543165, "percent_statements_covered_display": "43"}}